;  LST file generated by mikroListExporter - v.2.0 
; Date/Time: 18-03-2013 00:56:07
;----------------------------------------------

;Address Opcode 	ASM
0x0000	0xF003EFAD  	GOTO        1882
0x0004	0x0000      	NOP
0x0006	0x0000      	NOP
0x0008	0xF000EF00  	GOTO        0
0x000C	0x0000      	NOP
0x000E	0x0000      	NOP
0x0010	0x0000      	NOP
0x0012	0x0000      	NOP
0x0014	0x0000      	NOP
0x0016	0x0000      	NOP
0x0018	0xD7F3      	BRA         0
_Mul_16x16_U:
;__Lib_Math.c,437 :: 		
;__Lib_Math.c,444 :: 		
0x001C	0x6A0B      	CLRF        R11, 0
;__Lib_Math.c,445 :: 		
0x001E	0x6A0A      	CLRF        R10, 0
;__Lib_Math.c,446 :: 		
0x0020	0x6A09      	CLRF        R9, 0
;__Lib_Math.c,447 :: 		
0x0022	0x5000      	MOVF        R0, 0, 0
;__Lib_Math.c,448 :: 		
0x0024	0x0204      	MULWF       R4, 0
;__Lib_Math.c,450 :: 		
0x0026	0xF009CFF4  	MOVFF       PRODH, R9
;__Lib_Math.c,451 :: 		
0x002A	0xF008CFF3  	MOVFF       PRODL, R8
;__Lib_Math.c,452 :: 		
0x002E	0x5001      	MOVF        R1, 0, 0
;__Lib_Math.c,453 :: 		
0x0030	0x0205      	MULWF       R5, 0
;__Lib_Math.c,455 :: 		
0x0032	0xF00BCFF4  	MOVFF       PRODH, R11
;__Lib_Math.c,456 :: 		
0x0036	0xF00ACFF3  	MOVFF       PRODL, R10
;__Lib_Math.c,457 :: 		
0x003A	0x5000      	MOVF        R0, 0, 0
;__Lib_Math.c,458 :: 		
0x003C	0x0205      	MULWF       R5, 0
;__Lib_Math.c,460 :: 		
0x003E	0x50F3      	MOVF        PRODL, 0, 0
;__Lib_Math.c,461 :: 		
0x0040	0x2609      	ADDWF       R9, 1, 0
;__Lib_Math.c,462 :: 		
0x0042	0x50F4      	MOVF        PRODH, 0, 0
;__Lib_Math.c,463 :: 		
0x0044	0x220A      	ADDWFC      R10, 1, 0
;__Lib_Math.c,464 :: 		
0x0046	0x6AE8      	CLRF        WREG, 0
;__Lib_Math.c,465 :: 		
0x0048	0x220B      	ADDWFC      R11, 1, 0
;__Lib_Math.c,466 :: 		
0x004A	0x5001      	MOVF        R1, 0, 0
;__Lib_Math.c,467 :: 		
0x004C	0x0204      	MULWF       R4, 0
;__Lib_Math.c,469 :: 		
0x004E	0x50F3      	MOVF        PRODL, 0, 0
;__Lib_Math.c,470 :: 		
0x0050	0x2609      	ADDWF       R9, 1, 0
;__Lib_Math.c,471 :: 		
0x0052	0x50F4      	MOVF        PRODH, 0, 0
;__Lib_Math.c,472 :: 		
0x0054	0x220A      	ADDWFC      R10, 1, 0
;__Lib_Math.c,473 :: 		
0x0056	0x6AE8      	CLRF        WREG, 0
;__Lib_Math.c,474 :: 		
0x0058	0x220B      	ADDWFC      R11, 1, 0
;__Lib_Math.c,476 :: 		
0x005A	0xF000C008  	MOVFF       R8, R0
;__Lib_Math.c,477 :: 		
0x005E	0xF001C009  	MOVFF       R9, R1
;__Lib_Math.c,478 :: 		
0x0062	0xF002C00A  	MOVFF       R10, R2
;__Lib_Math.c,479 :: 		
0x0066	0xF003C00B  	MOVFF       R11, R3
;__Lib_Math.c,482 :: 		
0x006A	0x0012      	RETURN      0
; end of _Mul_16x16_U
_PWM1_Set_Duty:
;__Lib_PWM_c21.c,43 :: 		
;__Lib_PWM_c21.c,47 :: 		
0x006C	0x50CB      	MOVF        PR2, 0 
0x006E	0x0F01      	ADDLW       1
0x0070	0x6E00      	MOVWF       R0 
0x0072	0x6A01      	CLRF        R1 
0x0074	0x0E00      	MOVLW       0
0x0076	0x2201      	ADDWFC      R1, 1 
0x0078	0xF004C02F  	MOVFF       FARG_PWM1_Set_Duty_new_duty, R4
0x007C	0x0E00      	MOVLW       0
0x007E	0x6E05      	MOVWF       R5 
0x0080	0xDFCD      	RCALL       _Mul_16x16_U
0x0082	0x0E06      	MOVLW       6
0x0084	0x6E02      	MOVWF       R2 
0x0086	0xF004C000  	MOVFF       R0, R4
0x008A	0xF005C001  	MOVFF       R1, R5
0x008E	0x5002      	MOVF        R2, 0 
L__PWM1_Set_Duty4:
0x0090	0xE005      	BZ          L__PWM1_Set_Duty5
0x0092	0x3205      	RRCF        R5, 1 
0x0094	0x3204      	RRCF        R4, 1 
0x0096	0x9E05      	BCF         R5, 7 
0x0098	0x0FFF      	ADDLW       255
0x009A	0xD7FA      	BRA         L__PWM1_Set_Duty4
L__PWM1_Set_Duty5:
;__Lib_PWM_c21.c,48 :: 		
0x009C	0x0E04      	MOVLW       4
0x009E	0x6E01      	MOVWF       R1 
0x00A0	0xF000C004  	MOVFF       R4, R0
0x00A4	0x5001      	MOVF        R1, 0 
L__PWM1_Set_Duty6:
0x00A6	0xE004      	BZ          L__PWM1_Set_Duty7
0x00A8	0x3600      	RLCF        R0, 1 
0x00AA	0x9000      	BCF         R0, 0 
0x00AC	0x0FFF      	ADDLW       255
0x00AE	0xD7FB      	BRA         L__PWM1_Set_Duty6
L__PWM1_Set_Duty7:
0x00B0	0x0E30      	MOVLW       48
0x00B2	0x1400      	ANDWF       R0, 0 
0x00B4	0x6E03      	MOVWF       R3 
;__Lib_PWM_c21.c,49 :: 		
0x00B6	0xF000C004  	MOVFF       R4, R0
0x00BA	0xF001C005  	MOVFF       R5, R1
0x00BE	0x3201      	RRCF        R1, 1 
0x00C0	0x3200      	RRCF        R0, 1 
0x00C2	0x9E01      	BCF         R1, 7 
0x00C4	0x3201      	RRCF        R1, 1 
0x00C6	0x3200      	RRCF        R0, 1 
0x00C8	0x9E01      	BCF         R1, 7 
0x00CA	0xFFBEC000  	MOVFF       R0, CCPR1L
;__Lib_PWM_c21.c,50 :: 		
0x00CE	0x0E0F      	MOVLW       15
0x00D0	0x16BD      	ANDWF       CCP1CON, 1 
;__Lib_PWM_c21.c,51 :: 		
0x00D2	0x5003      	MOVF        R3, 0 
0x00D4	0x12BD      	IORWF       CCP1CON, 1 
;__Lib_PWM_c21.c,52 :: 		
0x00D6	0x0012      	RETURN      0
; end of _PWM1_Set_Duty
_PWM1_Start:
;__Lib_PWM_c21.c,54 :: 		
;__Lib_PWM_c21.c,55 :: 		
0x00D8	0x9494      	BCF         TRISC2_bit, 2 
;__Lib_PWM_c21.c,56 :: 		
0x00DA	0x84CA      	BSF         T2CON, 2 
;__Lib_PWM_c21.c,57 :: 		
0x00DC	0x0E0C      	MOVLW       12
0x00DE	0x12BD      	IORWF       CCP1CON, 1 
;__Lib_PWM_c21.c,58 :: 		
0x00E0	0x0012      	RETURN      0
; end of _PWM1_Start
_move_car_f:
;carparking.c,86 :: 		void move_car_f(int req_speed)
;carparking.c,88 :: 		PWM1_Start();
0x00E2	0xDFFA      	RCALL       _PWM1_Start
;carparking.c,89 :: 		PWM1_Set_Duty(req_speed);
0x00E4	0xF02FC02D  	MOVFF       FARG_move_car_f_req_speed, FARG_PWM1_Set_Duty_new_duty
0x00E8	0xDFC1      	RCALL       _PWM1_Set_Duty
;carparking.c,90 :: 		RC4_bit=1;
0x00EA	0x8882      	BSF         RC4_bit, 4 
;carparking.c,91 :: 		RC5_bit=0;
0x00EC	0x9A82      	BCF         RC5_bit, 5 
;carparking.c,92 :: 		}
0x00EE	0x0012      	RETURN      0
; end of _move_car_f
_move_car_b:
;carparking.c,93 :: 		void move_car_b(int req_speed)
;carparking.c,95 :: 		PWM1_Start();
0x00F0	0xDFF3      	RCALL       _PWM1_Start
;carparking.c,96 :: 		PWM1_Set_Duty(req_speed);
0x00F2	0xF02FC02D  	MOVFF       FARG_move_car_b_req_speed, FARG_PWM1_Set_Duty_new_duty
0x00F6	0xDFBA      	RCALL       _PWM1_Set_Duty
;carparking.c,97 :: 		RC4_bit=0;
0x00F8	0x9882      	BCF         RC4_bit, 4 
;carparking.c,98 :: 		RC5_bit=1;
0x00FA	0x8A82      	BSF         RC5_bit, 5 
;carparking.c,99 :: 		}
0x00FC	0x0012      	RETURN      0
; end of _move_car_b
_FIXSIGN32:
;__Lib_MathDouble.c,117 :: 		
;__Lib_MathDouble.c,121 :: 		
0x00FE	0xAE0A      	BTFSS       R10, 7, 0
;__Lib_MathDouble.c,122 :: 		
0x0100	0x9E02      	BCF         R2, 7, 0
;__Lib_MathDouble.c,123 :: 		
0x0102	0x0E00      	MOVLW       0
;__Lib_MathDouble.c,125 :: 		
0x0104	0x0012      	RETURN      0
; end of _FIXSIGN32
_SETFUN32:
;__Lib_MathDouble.c,144 :: 		
;__Lib_MathDouble.c,152 :: 		
0x0106	0x840B      	BSF         R11, 2, 0
;__Lib_MathDouble.c,153 :: 		
0x0108	0xAE0B      	BTFSS       R11, 7, 0
;__Lib_MathDouble.c,154 :: 		
0x010A	0xF000EF8E  	GOTO        SETFUN32EEE
;__Lib_MathDouble.c,156 :: 		
0x010E	0x0E01      	MOVLW       1
;__Lib_MathDouble.c,157 :: 		
0x0110	0x6E03      	MOVWF       R3, 0
;__Lib_MathDouble.c,158 :: 		
0x0112	0x6A02      	CLRF        R2, 0
;__Lib_MathDouble.c,159 :: 		
0x0114	0x6A01      	CLRF        R1, 0
;__Lib_MathDouble.c,160 :: 		
0x0116	0x6A00      	CLRF        R0, 0
;__Lib_MathDouble.c,161 :: 		
0x0118	0x360A      	RLCF        R10, 1, 0
;__Lib_MathDouble.c,162 :: 		
0x011A	0x3202      	RRCF        R2, 1, 0
;__Lib_MathDouble.c,163 :: 		
SETFUN32EEE:
;__Lib_MathDouble.c,164 :: 		
0x011C	0x0EFF      	MOVLW       255
;__Lib_MathDouble.c,166 :: 		
0x011E	0x0012      	RETURN      0
; end of _SETFUN32
_PWM1_Stop:
;__Lib_PWM_c21.c,60 :: 		
;__Lib_PWM_c21.c,61 :: 		
0x0120	0x8494      	BSF         TRISC2_bit, 2 
;__Lib_PWM_c21.c,62 :: 		
0x0122	0x94CA      	BCF         T2CON, 2 
;__Lib_PWM_c21.c,63 :: 		
0x0124	0x0EF0      	MOVLW       240
0x0126	0x16BD      	ANDWF       CCP1CON, 1 
;__Lib_PWM_c21.c,64 :: 		
0x0128	0x0012      	RETURN      0
; end of _PWM1_Stop
_RES032:
;__Lib_MathDouble.c,128 :: 		
;__Lib_MathDouble.c,134 :: 		
0x012A	0x6A02      	CLRF        R2, 0
;__Lib_MathDouble.c,135 :: 		
0x012C	0x6A01      	CLRF        R1, 0
;__Lib_MathDouble.c,136 :: 		
0x012E	0x6A00      	CLRF        R0, 0
;__Lib_MathDouble.c,137 :: 		
0x0130	0x6A08      	CLRF        R8, 0
;__Lib_MathDouble.c,138 :: 		
0x0132	0x6A03      	CLRF        R3, 0
;__Lib_MathDouble.c,139 :: 		
0x0134	0x0E00      	MOVLW       0
;__Lib_MathDouble.c,141 :: 		
0x0136	0x0012      	RETURN      0
; end of _RES032
_stop_car_f:
;carparking.c,100 :: 		void stop_car_f()
;carparking.c,102 :: 		move_car_b(127);
0x0138	0x0E7F      	MOVLW       127
0x013A	0x6E2D      	MOVWF       FARG_move_car_b_req_speed 
0x013C	0x0E00      	MOVLW       0
0x013E	0x6E2E      	MOVWF       FARG_move_car_b_req_speed+1 
0x0140	0xDFD7      	RCALL       _move_car_b
;carparking.c,103 :: 		delay_ms(500);
0x0142	0x0E0D      	MOVLW       13
0x0144	0x6E0B      	MOVWF       R11, 0
0x0146	0x0EAF      	MOVLW       175
0x0148	0x6E0C      	MOVWF       R12, 0
0x014A	0x0EB6      	MOVLW       182
0x014C	0x6E0D      	MOVWF       R13, 0
L_stop_car_f11:
0x014E	0x2E0D      	DECFSZ      R13, 1, 0
0x0150	0xD7FE      	BRA         L_stop_car_f11
0x0152	0x2E0C      	DECFSZ      R12, 1, 0
0x0154	0xD7FC      	BRA         L_stop_car_f11
0x0156	0x2E0B      	DECFSZ      R11, 1, 0
0x0158	0xD7FA      	BRA         L_stop_car_f11
0x015A	0x0000      	NOP
;carparking.c,104 :: 		PWM1_Stop();
0x015C	0xDFE1      	RCALL       _PWM1_Stop
;carparking.c,105 :: 		}
0x015E	0x0012      	RETURN      0
; end of _stop_car_f
_wheel_c:
;carparking.c,124 :: 		void wheel_c()
;carparking.c,128 :: 		delay_ms(500);
0x0160	0x0E0D      	MOVLW       13
0x0162	0x6E0B      	MOVWF       R11, 0
0x0164	0x0EAF      	MOVLW       175
0x0166	0x6E0C      	MOVWF       R12, 0
0x0168	0x0EB6      	MOVLW       182
0x016A	0x6E0D      	MOVWF       R13, 0
L_wheel_c15:
0x016C	0x2E0D      	DECFSZ      R13, 1, 0
0x016E	0xD7FE      	BRA         L_wheel_c15
0x0170	0x2E0C      	DECFSZ      R12, 1, 0
0x0172	0xD7FC      	BRA         L_wheel_c15
0x0174	0x2E0B      	DECFSZ      R11, 1, 0
0x0176	0xD7FA      	BRA         L_wheel_c15
0x0178	0x0000      	NOP
;carparking.c,129 :: 		}
0x017A	0x0012      	RETURN      0
; end of _wheel_c
_wheel_r:
;carparking.c,118 :: 		void wheel_r()
;carparking.c,122 :: 		delay_ms(500);
0x017C	0x0E0D      	MOVLW       13
0x017E	0x6E0B      	MOVWF       R11, 0
0x0180	0x0EAF      	MOVLW       175
0x0182	0x6E0C      	MOVWF       R12, 0
0x0184	0x0EB6      	MOVLW       182
0x0186	0x6E0D      	MOVWF       R13, 0
L_wheel_r14:
0x0188	0x2E0D      	DECFSZ      R13, 1, 0
0x018A	0xD7FE      	BRA         L_wheel_r14
0x018C	0x2E0C      	DECFSZ      R12, 1, 0
0x018E	0xD7FC      	BRA         L_wheel_r14
0x0190	0x2E0B      	DECFSZ      R11, 1, 0
0x0192	0xD7FA      	BRA         L_wheel_r14
0x0194	0x0000      	NOP
;carparking.c,123 :: 		}
0x0196	0x0012      	RETURN      0
; end of _wheel_r
_wheel_l:
;carparking.c,112 :: 		void wheel_l()
;carparking.c,116 :: 		delay_ms(500);
0x0198	0x0E0D      	MOVLW       13
0x019A	0x6E0B      	MOVWF       R11, 0
0x019C	0x0EAF      	MOVLW       175
0x019E	0x6E0C      	MOVWF       R12, 0
0x01A0	0x0EB6      	MOVLW       182
0x01A2	0x6E0D      	MOVWF       R13, 0
L_wheel_l13:
0x01A4	0x2E0D      	DECFSZ      R13, 1, 0
0x01A6	0xD7FE      	BRA         L_wheel_l13
0x01A8	0x2E0C      	DECFSZ      R12, 1, 0
0x01AA	0xD7FC      	BRA         L_wheel_l13
0x01AC	0x2E0B      	DECFSZ      R11, 1, 0
0x01AE	0xD7FA      	BRA         L_wheel_l13
0x01B0	0x0000      	NOP
;carparking.c,117 :: 		}
0x01B2	0x0012      	RETURN      0
; end of _wheel_l
_stop_car_b:
;carparking.c,106 :: 		void stop_car_b()
;carparking.c,108 :: 		move_car_f(127);
0x01B4	0x0E7F      	MOVLW       127
0x01B6	0x6E2D      	MOVWF       FARG_move_car_f_req_speed 
0x01B8	0x0E00      	MOVLW       0
0x01BA	0x6E2E      	MOVWF       FARG_move_car_f_req_speed+1 
0x01BC	0xDF92      	RCALL       _move_car_f
;carparking.c,109 :: 		delay_ms(500);
0x01BE	0x0E0D      	MOVLW       13
0x01C0	0x6E0B      	MOVWF       R11, 0
0x01C2	0x0EAF      	MOVLW       175
0x01C4	0x6E0C      	MOVWF       R12, 0
0x01C6	0x0EB6      	MOVLW       182
0x01C8	0x6E0D      	MOVWF       R13, 0
L_stop_car_b12:
0x01CA	0x2E0D      	DECFSZ      R13, 1, 0
0x01CC	0xD7FE      	BRA         L_stop_car_b12
0x01CE	0x2E0C      	DECFSZ      R12, 1, 0
0x01D0	0xD7FC      	BRA         L_stop_car_b12
0x01D2	0x2E0B      	DECFSZ      R11, 1, 0
0x01D4	0xD7FA      	BRA         L_stop_car_b12
0x01D6	0x0000      	NOP
;carparking.c,110 :: 		PWM1_Stop();
0x01D8	0xDFA3      	RCALL       _PWM1_Stop
;carparking.c,111 :: 		}
0x01DA	0x0012      	RETURN      0
; end of _stop_car_b
_NRM3232:
;__Lib_MathDouble.c,455 :: 		
;__Lib_MathDouble.c,463 :: 		
0x01DC	0x6A0C      	CLRF        R12, 0
;__Lib_MathDouble.c,464 :: 		
0x01DE	0x6A0E      	CLRF        R14, 0
;__Lib_MathDouble.c,465 :: 		
0x01E0	0x5002      	MOVF        R2, 0, 0
;__Lib_MathDouble.c,466 :: 		
0x01E2	0xA4D8      	BTFSS       STATUS, 2, 0
;__Lib_MathDouble.c,467 :: 		
0x01E4	0xF001EF07  	GOTO        NORM3232
;__Lib_MathDouble.c,468 :: 		
0x01E8	0xF002C001  	MOVFF       R1, R2
;__Lib_MathDouble.c,469 :: 		
0x01EC	0xF001C000  	MOVFF       R0, R1
;__Lib_MathDouble.c,470 :: 		
0x01F0	0x6A00      	CLRF        R0, 0
;__Lib_MathDouble.c,471 :: 		
0x01F2	0x860E      	BSF         R14, 3, 0
;__Lib_MathDouble.c,473 :: 		
0x01F4	0x5002      	MOVF        R2, 0, 0
;__Lib_MathDouble.c,474 :: 		
0x01F6	0xA4D8      	BTFSS       STATUS, 2, 0
;__Lib_MathDouble.c,475 :: 		
0x01F8	0xF001EF07  	GOTO        NORM3232
;__Lib_MathDouble.c,476 :: 		
0x01FC	0xF002C001  	MOVFF       R1, R2
;__Lib_MathDouble.c,477 :: 		
0x0200	0x6A01      	CLRF        R1, 0
;__Lib_MathDouble.c,478 :: 		
0x0202	0x960E      	BCF         R14, 3, 0
;__Lib_MathDouble.c,479 :: 		
0x0204	0x880E      	BSF         R14, 4, 0
;__Lib_MathDouble.c,481 :: 		
0x0206	0x5002      	MOVF        R2, 0, 0
;__Lib_MathDouble.c,482 :: 		
0x0208	0xB4D8      	BTFSC       STATUS, 2, 0
;__Lib_MathDouble.c,483 :: 		
0x020A	0xF001EF19  	GOTO        JPNRES032
;__Lib_MathDouble.c,484 :: 		
NORM3232:
;__Lib_MathDouble.c,485 :: 		
0x020E	0x500E      	MOVF        R14, 0, 0
;__Lib_MathDouble.c,486 :: 		
0x0210	0x5E03      	SUBWF       R3, 1, 0
;__Lib_MathDouble.c,487 :: 		
0x0212	0xA4D8      	BTFSS       STATUS, 2, 0
;__Lib_MathDouble.c,488 :: 		
0x0214	0xA0D8      	BTFSS       STATUS, 0, 0
;__Lib_MathDouble.c,489 :: 		
0x0216	0xF001EF1E  	GOTO        JPNSETFUN32
;__Lib_MathDouble.c,490 :: 		
0x021A	0x90D8      	BCF         STATUS, 0, 0
;__Lib_MathDouble.c,491 :: 		
NORM3232A:
;__Lib_MathDouble.c,492 :: 		
0x021C	0xBE02      	BTFSC       R2, 7, 0
;__Lib_MathDouble.c,493 :: 		
0x021E	0xF001EF23  	GOTO        JMPNFIXSIGN32
;__Lib_MathDouble.c,494 :: 		
0x0222	0x3600      	RLCF        R0, 1, 0
;__Lib_MathDouble.c,495 :: 		
0x0224	0x3601      	RLCF        R1, 1, 0
;__Lib_MathDouble.c,496 :: 		
0x0226	0x3602      	RLCF        R2, 1, 0
;__Lib_MathDouble.c,497 :: 		
0x0228	0x2E03      	DECFSZ      R3, 1, 0
;__Lib_MathDouble.c,498 :: 		
0x022A	0xF001EF0E  	GOTO        NORM3232A
;__Lib_MathDouble.c,499 :: 		
0x022E	0xF001EF1E  	GOTO        JPNSETFUN32
;__Lib_MathDouble.c,500 :: 		
JPNRES032:
;__Lib_MathDouble.c,501 :: 		
0x0232	0x0E01      	MOVLW       1
;__Lib_MathDouble.c,502 :: 		
0x0234	0x6E0C      	MOVWF       R12, 0
;__Lib_MathDouble.c,504 :: 		
0x0236	0xDF79      	RCALL       _RES032
;__Lib_MathDouble.c,506 :: 		
0x0238	0xF001EF26  	GOTO        NORM32EEE
;__Lib_MathDouble.c,507 :: 		
JPNSETFUN32:
;__Lib_MathDouble.c,508 :: 		
0x023C	0x0E02      	MOVLW       2
;__Lib_MathDouble.c,509 :: 		
0x023E	0x6E0C      	MOVWF       R12, 0
;__Lib_MathDouble.c,511 :: 		
0x0240	0xDF62      	RCALL       _SETFUN32
;__Lib_MathDouble.c,513 :: 		
0x0242	0xF001EF26  	GOTO        NORM32EEE
;__Lib_MathDouble.c,514 :: 		
JMPNFIXSIGN32:
;__Lib_MathDouble.c,515 :: 		
0x0246	0x0E04      	MOVLW       4
;__Lib_MathDouble.c,516 :: 		
0x0248	0x6E0C      	MOVWF       R12, 0
;__Lib_MathDouble.c,518 :: 		
0x024A	0xDF59      	RCALL       _FIXSIGN32
;__Lib_MathDouble.c,520 :: 		
NORM32EEE:
;__Lib_MathDouble.c,527 :: 		
0x024C	0x0012      	RETURN      0
; end of _NRM3232
_Delay_22us:
;__Lib_Delays.c,15 :: 		void Delay_22us() {
;__Lib_Delays.c,16 :: 		Delay_us(22);
0x024E	0x0E24      	MOVLW       36
0x0250	0x6E0D      	MOVWF       R13, 0
L_Delay_22us1:
0x0252	0x2E0D      	DECFSZ      R13, 1, 0
0x0254	0xD7FE      	BRA         L_Delay_22us1
0x0256	0x0000      	NOP
;__Lib_Delays.c,17 :: 		}
0x0258	0x0012      	RETURN      0
; end of _Delay_22us
_SETFOV32:
;__Lib_MathDouble.c,82 :: 		
;__Lib_MathDouble.c,90 :: 		
0x025A	0x820B      	BSF         R11, 1, 0
;__Lib_MathDouble.c,91 :: 		
0x025C	0xAE0B      	BTFSS       R11, 7, 0
;__Lib_MathDouble.c,92 :: 		
0x025E	0xF001EF37  	GOTO        SETFOV32EEE
;__Lib_MathDouble.c,94 :: 		
0x0262	0x6803      	SETF        R3, 0
;__Lib_MathDouble.c,95 :: 		
0x0264	0x6802      	SETF        R2, 0
;__Lib_MathDouble.c,96 :: 		
0x0266	0x6801      	SETF        R1, 0
;__Lib_MathDouble.c,97 :: 		
0x0268	0x6800      	SETF        R0, 0
;__Lib_MathDouble.c,98 :: 		
0x026A	0x360A      	RLCF        R10, 1, 0
;__Lib_MathDouble.c,99 :: 		
0x026C	0x3202      	RRCF        R2, 1, 0
;__Lib_MathDouble.c,100 :: 		
SETFOV32EEE:
;__Lib_MathDouble.c,101 :: 		
0x026E	0x0EFF      	MOVLW       255
;__Lib_MathDouble.c,103 :: 		
0x0270	0x0012      	RETURN      0
; end of _SETFOV32
_SETFDZ32:
;__Lib_MathDouble.c,106 :: 		
;__Lib_MathDouble.c,110 :: 		
0x0272	0x6A0B      	CLRF        R11, 0
;__Lib_MathDouble.c,111 :: 		
0x0274	0x860B      	BSF         R11, 3, 0
;__Lib_MathDouble.c,112 :: 		
0x0276	0x0EFF      	MOVLW       255
;__Lib_MathDouble.c,114 :: 		
0x0278	0x0012      	RETURN      0
; end of _SETFDZ32
_ADC_Read:
;__Lib_ADC_A_D.c,35 :: 		
;__Lib_ADC_A_D.c,38 :: 		
0x027A	0x6AC2      	CLRF        ADCON0 
;__Lib_ADC_A_D.c,39 :: 		
0x027C	0x0E07      	MOVLW       7
0x027E	0x12C0      	IORWF       ADCON2, 1 
;__Lib_ADC_A_D.c,40 :: 		
0x0280	0x8EC0      	BSF         ADCON2, 7 
;__Lib_ADC_A_D.c,41 :: 		
0x0282	0xF000C029  	MOVFF       FARG_ADC_Read_channel, R0
0x0286	0x3600      	RLCF        R0, 1 
0x0288	0x9000      	BCF         R0, 0 
0x028A	0x3600      	RLCF        R0, 1 
0x028C	0x9000      	BCF         R0, 0 
0x028E	0x5000      	MOVF        R0, 0 
0x0290	0x12C2      	IORWF       ADCON0, 1 
;__Lib_ADC_A_D.c,42 :: 		
0x0292	0x80C2      	BSF         ADCON0, 0 
;__Lib_ADC_A_D.c,43 :: 		
0x0294	0xDFDC      	RCALL       _Delay_22us
;__Lib_ADC_A_D.c,44 :: 		
0x0296	0x82C2      	BSF         ADCON0, 1 
;__Lib_ADC_A_D.c,45 :: 		
L_ADC_Read2:
0x0298	0xA2C2      	BTFSS       ADCON0, 1 
0x029A	0xD001      	BRA         L_ADC_Read3
;__Lib_ADC_A_D.c,46 :: 		
0x029C	0xD7FD      	BRA         L_ADC_Read2
L_ADC_Read3:
;__Lib_ADC_A_D.c,47 :: 		
0x029E	0xF001CFC4  	MOVFF       ADRESH, R1
0x02A2	0x6A00      	CLRF        R0 
;__Lib_ADC_A_D.c,48 :: 		
0x02A4	0x50C3      	MOVF        ADRESL, 0 
0x02A6	0x1200      	IORWF       R0, 1 
0x02A8	0x0E00      	MOVLW       0
0x02AA	0x1201      	IORWF       R1, 1 
;__Lib_ADC_A_D.c,49 :: 		
0x02AC	0x90C2      	BCF         ADCON0, 0 
;__Lib_ADC_A_D.c,51 :: 		
;__Lib_ADC_A_D.c,52 :: 		
0x02AE	0x0012      	RETURN      0
; end of _ADC_Read
_Compare_Double:
;__Lib_MathDouble.c,2518 :: 		
;__Lib_MathDouble.c,2529 :: 		
0x02B0	0x6A0A      	CLRF        R10, 0
;__Lib_MathDouble.c,2530 :: 		
0x02B2	0x5003      	MOVF        R3, 0, 0
;__Lib_MathDouble.c,2531 :: 		
0x02B4	0xA4D8      	BTFSS       STATUS, 2, 0
;__Lib_MathDouble.c,2532 :: 		
0x02B6	0x800A      	BSF         R10, 0, 0
;__Lib_MathDouble.c,2533 :: 		
0x02B8	0x5007      	MOVF        R7, 0, 0
;__Lib_MathDouble.c,2534 :: 		
0x02BA	0xA4D8      	BTFSS       STATUS, 2, 0
;__Lib_MathDouble.c,2535 :: 		
0x02BC	0x820A      	BSF         R10, 1, 0
;__Lib_MathDouble.c,2537 :: 		
0x02BE	0x500A      	MOVF        R10, 0, 0
;__Lib_MathDouble.c,2538 :: 		
0x02C0	0xB4D8      	BTFSC       STATUS, 2, 0
;__Lib_MathDouble.c,2539 :: 		
0x02C2	0xF001EFBB  	GOTO        COMPARE_EQU
;__Lib_MathDouble.c,2540 :: 		
0x02C6	0x0A03      	XORLW       3
;__Lib_MathDouble.c,2541 :: 		
0x02C8	0xB4D8      	BTFSC       STATUS, 2, 0
;__Lib_MathDouble.c,2542 :: 		
0x02CA	0xF001EF74  	GOTO        COMPARE_NOTZERO
;__Lib_MathDouble.c,2544 :: 		
0x02CE	0xB00A      	BTFSC       R10, 0, 0
;__Lib_MathDouble.c,2545 :: 		
0x02D0	0xF001EF6F  	GOTO        COMPARE_XNOTZERO
;__Lib_MathDouble.c,2547 :: 		
0x02D4	0xAE06      	BTFSS       R6, 7, 0
;__Lib_MathDouble.c,2548 :: 		
0x02D6	0xF001EFB9  	GOTO        COMPARE_LT
;__Lib_MathDouble.c,2549 :: 		
0x02DA	0xF001EFB7  	GOTO        COMPARE_GT
;__Lib_MathDouble.c,2550 :: 		
COMPARE_XNOTZERO:
;__Lib_MathDouble.c,2551 :: 		
0x02DE	0xAE02      	BTFSS       R2, 7, 0
;__Lib_MathDouble.c,2552 :: 		
0x02E0	0xF001EFB7  	GOTO        COMPARE_GT
;__Lib_MathDouble.c,2553 :: 		
0x02E4	0xF001EFB9  	GOTO        COMPARE_LT
;__Lib_MathDouble.c,2555 :: 		
COMPARE_NOTZERO:
;__Lib_MathDouble.c,2556 :: 		
0x02E8	0x5002      	MOVF        R2, 0, 0
;__Lib_MathDouble.c,2557 :: 		
0x02EA	0x0B80      	ANDLW       128
;__Lib_MathDouble.c,2558 :: 		
0x02EC	0x6E0A      	MOVWF       R10, 0
;__Lib_MathDouble.c,2559 :: 		
0x02EE	0x9E02      	BCF         R2, 7, 0
;__Lib_MathDouble.c,2561 :: 		
0x02F0	0x5006      	MOVF        R6, 0, 0
;__Lib_MathDouble.c,2562 :: 		
0x02F2	0x0B80      	ANDLW       128
;__Lib_MathDouble.c,2563 :: 		
0x02F4	0x9E06      	BCF         R6, 7, 0
;__Lib_MathDouble.c,2565 :: 		
0x02F6	0x180A      	XORWF       R10, 0, 0
;__Lib_MathDouble.c,2566 :: 		
0x02F8	0xB4D8      	BTFSC       STATUS, 2, 0
;__Lib_MathDouble.c,2567 :: 		
0x02FA	0xF001EF85  	GOTO        COMPARE_TESTALL
;__Lib_MathDouble.c,2569 :: 		
0x02FE	0x500A      	MOVF        R10, 0, 0
;__Lib_MathDouble.c,2570 :: 		
0x0300	0xB4D8      	BTFSC       STATUS, 2, 0
;__Lib_MathDouble.c,2571 :: 		
0x0302	0xF001EFB7  	GOTO        COMPARE_GT
;__Lib_MathDouble.c,2572 :: 		
0x0306	0xF001EFB9  	GOTO        COMPARE_LT
;__Lib_MathDouble.c,2574 :: 		
COMPARE_TESTALL:
;__Lib_MathDouble.c,2575 :: 		
0x030A	0x5007      	MOVF        R7, 0, 0
;__Lib_MathDouble.c,2576 :: 		
0x030C	0x5C03      	SUBWF       R3, 0, 0
;__Lib_MathDouble.c,2577 :: 		
0x030E	0xB4D8      	BTFSC       STATUS, 2, 0
;__Lib_MathDouble.c,2578 :: 		
0x0310	0xF001EF8F  	GOTO        COMPARE_C1
;__Lib_MathDouble.c,2579 :: 		
0x0314	0xA0D8      	BTFSS       STATUS, 0, 0
;__Lib_MathDouble.c,2580 :: 		
0x0316	0xF001EFAB  	GOTO        GT_FALSE
;__Lib_MathDouble.c,2581 :: 		
0x031A	0xF001EFB1  	GOTO        GT_TRUE
;__Lib_MathDouble.c,2582 :: 		
COMPARE_C1:
;__Lib_MathDouble.c,2583 :: 		
0x031E	0x5006      	MOVF        R6, 0, 0
;__Lib_MathDouble.c,2584 :: 		
0x0320	0x5C02      	SUBWF       R2, 0, 0
;__Lib_MathDouble.c,2585 :: 		
0x0322	0xB4D8      	BTFSC       STATUS, 2, 0
;__Lib_MathDouble.c,2586 :: 		
0x0324	0xF001EF99  	GOTO        COMPARE_C2
;__Lib_MathDouble.c,2587 :: 		
0x0328	0xA0D8      	BTFSS       STATUS, 0, 0
;__Lib_MathDouble.c,2588 :: 		
0x032A	0xF001EFAB  	GOTO        GT_FALSE
;__Lib_MathDouble.c,2589 :: 		
0x032E	0xF001EFB1  	GOTO        GT_TRUE
;__Lib_MathDouble.c,2590 :: 		
COMPARE_C2:
;__Lib_MathDouble.c,2591 :: 		
0x0332	0x5005      	MOVF        R5, 0, 0
;__Lib_MathDouble.c,2592 :: 		
0x0334	0x5C01      	SUBWF       R1, 0, 0
;__Lib_MathDouble.c,2593 :: 		
0x0336	0xB4D8      	BTFSC       STATUS, 2, 0
;__Lib_MathDouble.c,2594 :: 		
0x0338	0xF001EFA3  	GOTO        COMPARE_C3
;__Lib_MathDouble.c,2595 :: 		
0x033C	0xA0D8      	BTFSS       STATUS, 0, 0
;__Lib_MathDouble.c,2596 :: 		
0x033E	0xF001EFAB  	GOTO        GT_FALSE
;__Lib_MathDouble.c,2597 :: 		
0x0342	0xF001EFB1  	GOTO        GT_TRUE
;__Lib_MathDouble.c,2598 :: 		
COMPARE_C3:
;__Lib_MathDouble.c,2599 :: 		
0x0346	0x5004      	MOVF        R4, 0, 0
;__Lib_MathDouble.c,2600 :: 		
0x0348	0x5C00      	SUBWF       R0, 0, 0
;__Lib_MathDouble.c,2601 :: 		
0x034A	0xB4D8      	BTFSC       STATUS, 2, 0
;__Lib_MathDouble.c,2602 :: 		
0x034C	0xF001EFBB  	GOTO        COMPARE_EQU
;__Lib_MathDouble.c,2603 :: 		
0x0350	0xB0D8      	BTFSC       STATUS, 0, 0
;__Lib_MathDouble.c,2604 :: 		
0x0352	0xF001EFB1  	GOTO        GT_TRUE
;__Lib_MathDouble.c,2606 :: 		
GT_FALSE:
;__Lib_MathDouble.c,2607 :: 		
0x0356	0x520A      	MOVF        R10, 1, 0
;__Lib_MathDouble.c,2608 :: 		
0x0358	0xB4D8      	BTFSC       STATUS, 2, 0
;__Lib_MathDouble.c,2609 :: 		
0x035A	0xF001EFB9  	GOTO        COMPARE_LT
;__Lib_MathDouble.c,2610 :: 		
0x035E	0xF001EFB7  	GOTO        COMPARE_GT
;__Lib_MathDouble.c,2611 :: 		
GT_TRUE:
;__Lib_MathDouble.c,2612 :: 		
0x0362	0x520A      	MOVF        R10, 1, 0
;__Lib_MathDouble.c,2613 :: 		
0x0364	0xB4D8      	BTFSC       STATUS, 2, 0
;__Lib_MathDouble.c,2614 :: 		
0x0366	0xF001EFB7  	GOTO        COMPARE_GT
;__Lib_MathDouble.c,2615 :: 		
0x036A	0xF001EFB9  	GOTO        COMPARE_LT
;__Lib_MathDouble.c,2617 :: 		
COMPARE_GT:
;__Lib_MathDouble.c,2620 :: 		
0x036E	0x80D8      	BSF         STATUS, 0, 0
;__Lib_MathDouble.c,2621 :: 		
0x0370	0x0012      	RETURN      0
;__Lib_MathDouble.c,2622 :: 		
COMPARE_LT:
;__Lib_MathDouble.c,2625 :: 		
0x0372	0x90D8      	BCF         STATUS, 0, 0
;__Lib_MathDouble.c,2626 :: 		
0x0374	0x0012      	RETURN      0
;__Lib_MathDouble.c,2627 :: 		
COMPARE_EQU:
;__Lib_MathDouble.c,2630 :: 		
0x0376	0x80D8      	BSF         STATUS, 0, 0
;__Lib_MathDouble.c,2631 :: 		
0x0378	0x84D8      	BSF         STATUS, 2, 0
;__Lib_MathDouble.c,2632 :: 		
0x037A	0x0012      	RETURN      0
;__Lib_MathDouble.c,2634 :: 		
0x037C	0x0012      	RETURN      0
; end of _Compare_Double
___CC2DW:
;__Lib_System.c,21 :: 		
;__Lib_System.c,23 :: 		
_CC2DL_Loop1:
;__Lib_System.c,24 :: 		
0x037E	0x0009      	TBLRD*+
;__Lib_System.c,25 :: 		
0x0380	0xFFE6CFF5  	MOVFF       TABLAT, POSTINC1
;__Lib_System.c,26 :: 		
0x0384	0x0600      	DECF        R0, 1, 0
;__Lib_System.c,27 :: 		
0x0386	0xE1FB      	BNZ         _CC2DL_Loop1
;__Lib_System.c,28 :: 		
0x0388	0x0601      	DECF        R1, 1, 0
;__Lib_System.c,29 :: 		
0x038A	0xE1F9      	BNZ         _CC2DL_Loop1
;__Lib_System.c,31 :: 		
0x038C	0x0012      	RETURN      0
; end of ___CC2DW
_PWM1_Init:
;__Lib_PWM_c21.c,36 :: 		
;__Lib_PWM_c21.c,37 :: 		
;__Lib_PWM_c21.c,38 :: 		
0x038E	0x6ABE      	CLRF        CCPR1L 
;__Lib_PWM_c21.c,39 :: 		
0x0390	0x98BD      	BCF         CCP1CON, 4 
;__Lib_PWM_c21.c,40 :: 		
0x0392	0x9ABD      	BCF         CCP1CON, 5 
;__Lib_PWM_c21.c,41 :: 		
0x0394	0x0012      	RETURN      0
; end of _PWM1_Init
_parking_mode:
;carparking.c,130 :: 		void parking_mode(float p_space)
;carparking.c,132 :: 		move_car_f(127);
0x0396	0x0E7F      	MOVLW       127
0x0398	0x6E2D      	MOVWF       FARG_move_car_f_req_speed 
0x039A	0x0E00      	MOVLW       0
0x039C	0x6E2E      	MOVWF       FARG_move_car_f_req_speed+1 
0x039E	0xDEA1      	RCALL       _move_car_f
;carparking.c,133 :: 		delay_ms(3000);
0x03A0	0x0E4D      	MOVLW       77
0x03A2	0x6E0B      	MOVWF       R11, 0
0x03A4	0x0E19      	MOVLW       25
0x03A6	0x6E0C      	MOVWF       R12, 0
0x03A8	0x0E4F      	MOVLW       79
0x03AA	0x6E0D      	MOVWF       R13, 0
L_parking_mode16:
0x03AC	0x2E0D      	DECFSZ      R13, 1, 0
0x03AE	0xD7FE      	BRA         L_parking_mode16
0x03B0	0x2E0C      	DECFSZ      R12, 1, 0
0x03B2	0xD7FC      	BRA         L_parking_mode16
0x03B4	0x2E0B      	DECFSZ      R11, 1, 0
0x03B6	0xD7FA      	BRA         L_parking_mode16
0x03B8	0x0000      	NOP
0x03BA	0x0000      	NOP
;carparking.c,134 :: 		stop_car_f();
0x03BC	0xDEBD      	RCALL       _stop_car_f
;carparking.c,136 :: 		wheel_l();
0x03BE	0xDEEC      	RCALL       _wheel_l
;carparking.c,137 :: 		move_car_b(127);
0x03C0	0x0E7F      	MOVLW       127
0x03C2	0x6E2D      	MOVWF       FARG_move_car_b_req_speed 
0x03C4	0x0E00      	MOVLW       0
0x03C6	0x6E2E      	MOVWF       FARG_move_car_b_req_speed+1 
0x03C8	0xDE93      	RCALL       _move_car_b
;carparking.c,138 :: 		delay_ms(4000);
0x03CA	0x0E66      	MOVLW       102
0x03CC	0x6E0B      	MOVWF       R11, 0
0x03CE	0x0E76      	MOVLW       118
0x03D0	0x6E0C      	MOVWF       R12, 0
0x03D2	0x0EC1      	MOVLW       193
0x03D4	0x6E0D      	MOVWF       R13, 0
L_parking_mode17:
0x03D6	0x2E0D      	DECFSZ      R13, 1, 0
0x03D8	0xD7FE      	BRA         L_parking_mode17
0x03DA	0x2E0C      	DECFSZ      R12, 1, 0
0x03DC	0xD7FC      	BRA         L_parking_mode17
0x03DE	0x2E0B      	DECFSZ      R11, 1, 0
0x03E0	0xD7FA      	BRA         L_parking_mode17
;carparking.c,139 :: 		stop_car_b();
0x03E2	0xDEE8      	RCALL       _stop_car_b
;carparking.c,141 :: 		wheel_c();
0x03E4	0xDEBD      	RCALL       _wheel_c
;carparking.c,142 :: 		move_car_f(127);
0x03E6	0x0E7F      	MOVLW       127
0x03E8	0x6E2D      	MOVWF       FARG_move_car_f_req_speed 
0x03EA	0x0E00      	MOVLW       0
0x03EC	0x6E2E      	MOVWF       FARG_move_car_f_req_speed+1 
0x03EE	0xDE79      	RCALL       _move_car_f
;carparking.c,143 :: 		delay_ms(2000);
0x03F0	0x0E33      	MOVLW       51
0x03F2	0x6E0B      	MOVWF       R11, 0
0x03F4	0x0EBB      	MOVLW       187
0x03F6	0x6E0C      	MOVWF       R12, 0
0x03F8	0x0EDF      	MOVLW       223
0x03FA	0x6E0D      	MOVWF       R13, 0
L_parking_mode18:
0x03FC	0x2E0D      	DECFSZ      R13, 1, 0
0x03FE	0xD7FE      	BRA         L_parking_mode18
0x0400	0x2E0C      	DECFSZ      R12, 1, 0
0x0402	0xD7FC      	BRA         L_parking_mode18
0x0404	0x2E0B      	DECFSZ      R11, 1, 0
0x0406	0xD7FA      	BRA         L_parking_mode18
0x0408	0x0000      	NOP
0x040A	0x0000      	NOP
;carparking.c,144 :: 		stop_car_f();
0x040C	0xDE95      	RCALL       _stop_car_f
;carparking.c,146 :: 		wheel_l();
0x040E	0xDEC4      	RCALL       _wheel_l
;carparking.c,147 :: 		move_car_b(127);
0x0410	0x0E7F      	MOVLW       127
0x0412	0x6E2D      	MOVWF       FARG_move_car_b_req_speed 
0x0414	0x0E00      	MOVLW       0
0x0416	0x6E2E      	MOVWF       FARG_move_car_b_req_speed+1 
0x0418	0xDE6B      	RCALL       _move_car_b
;carparking.c,148 :: 		delay_ms(4000);
0x041A	0x0E66      	MOVLW       102
0x041C	0x6E0B      	MOVWF       R11, 0
0x041E	0x0E76      	MOVLW       118
0x0420	0x6E0C      	MOVWF       R12, 0
0x0422	0x0EC1      	MOVLW       193
0x0424	0x6E0D      	MOVWF       R13, 0
L_parking_mode19:
0x0426	0x2E0D      	DECFSZ      R13, 1, 0
0x0428	0xD7FE      	BRA         L_parking_mode19
0x042A	0x2E0C      	DECFSZ      R12, 1, 0
0x042C	0xD7FC      	BRA         L_parking_mode19
0x042E	0x2E0B      	DECFSZ      R11, 1, 0
0x0430	0xD7FA      	BRA         L_parking_mode19
;carparking.c,149 :: 		stop_car_b();
0x0432	0xDEC0      	RCALL       _stop_car_b
;carparking.c,151 :: 		wheel_r();
0x0434	0xDEA3      	RCALL       _wheel_r
;carparking.c,152 :: 		move_car_b(127);
0x0436	0x0E7F      	MOVLW       127
0x0438	0x6E2D      	MOVWF       FARG_move_car_b_req_speed 
0x043A	0x0E00      	MOVLW       0
0x043C	0x6E2E      	MOVWF       FARG_move_car_b_req_speed+1 
0x043E	0xDE58      	RCALL       _move_car_b
;carparking.c,153 :: 		delay_ms(3000);
0x0440	0x0E4D      	MOVLW       77
0x0442	0x6E0B      	MOVWF       R11, 0
0x0444	0x0E19      	MOVLW       25
0x0446	0x6E0C      	MOVWF       R12, 0
0x0448	0x0E4F      	MOVLW       79
0x044A	0x6E0D      	MOVWF       R13, 0
L_parking_mode20:
0x044C	0x2E0D      	DECFSZ      R13, 1, 0
0x044E	0xD7FE      	BRA         L_parking_mode20
0x0450	0x2E0C      	DECFSZ      R12, 1, 0
0x0452	0xD7FC      	BRA         L_parking_mode20
0x0454	0x2E0B      	DECFSZ      R11, 1, 0
0x0456	0xD7FA      	BRA         L_parking_mode20
0x0458	0x0000      	NOP
0x045A	0x0000      	NOP
;carparking.c,154 :: 		stop_car_b();
0x045C	0xDEAB      	RCALL       _stop_car_b
;carparking.c,156 :: 		wheel_l();
0x045E	0xDE9C      	RCALL       _wheel_l
;carparking.c,157 :: 		move_car_f(127);
0x0460	0x0E7F      	MOVLW       127
0x0462	0x6E2D      	MOVWF       FARG_move_car_f_req_speed 
0x0464	0x0E00      	MOVLW       0
0x0466	0x6E2E      	MOVWF       FARG_move_car_f_req_speed+1 
0x0468	0xDE3C      	RCALL       _move_car_f
;carparking.c,158 :: 		delay_ms(4000);
0x046A	0x0E66      	MOVLW       102
0x046C	0x6E0B      	MOVWF       R11, 0
0x046E	0x0E76      	MOVLW       118
0x0470	0x6E0C      	MOVWF       R12, 0
0x0472	0x0EC1      	MOVLW       193
0x0474	0x6E0D      	MOVWF       R13, 0
L_parking_mode21:
0x0476	0x2E0D      	DECFSZ      R13, 1, 0
0x0478	0xD7FE      	BRA         L_parking_mode21
0x047A	0x2E0C      	DECFSZ      R12, 1, 0
0x047C	0xD7FC      	BRA         L_parking_mode21
0x047E	0x2E0B      	DECFSZ      R11, 1, 0
0x0480	0xD7FA      	BRA         L_parking_mode21
;carparking.c,159 :: 		stop_car_f();
0x0482	0xDE5A      	RCALL       _stop_car_f
;carparking.c,160 :: 		}
0x0484	0x0012      	RETURN      0
; end of _parking_mode
_Mul_32x32_FP:
;__Lib_MathDouble.c,1130 :: 		
;__Lib_MathDouble.c,1148 :: 		
0x0486	0x6A08      	CLRF        R8, 0
;__Lib_MathDouble.c,1149 :: 		
0x0488	0x6A09      	CLRF        R9, 0
;__Lib_MathDouble.c,1151 :: 		
0x048A	0x0E00      	MOVLW       0
;__Lib_MathDouble.c,1152 :: 		
0x048C	0x6207      	CPFSEQ      R7, 0
;__Lib_MathDouble.c,1153 :: 		
0x048E	0x6403      	CPFSGT      R3, 0
;__Lib_MathDouble.c,1154 :: 		
0x0490	0xF002EFC8  	GOTO        MULJPRES032
;__Lib_MathDouble.c,1157 :: 		
0x0494	0x5002      	MOVF        R2, 0, 0
;__Lib_MathDouble.c,1158 :: 		
0x0496	0x1806      	XORWF       R6, 0, 0
;__Lib_MathDouble.c,1159 :: 		
0x0498	0x6E0A      	MOVWF       R10, 0
;__Lib_MathDouble.c,1161 :: 		
0x049A	0x5007      	MOVF        R7, 0, 0
;__Lib_MathDouble.c,1162 :: 		
0x049C	0x2603      	ADDWF       R3, 1, 0
;__Lib_MathDouble.c,1163 :: 		
0x049E	0x0E7E      	MOVLW       126
;__Lib_MathDouble.c,1164 :: 		
0x04A0	0xA0D8      	BTFSS       STATUS, 0, 0
;__Lib_MathDouble.c,1165 :: 		
0x04A2	0xF002EF59  	GOTO        MTUN32
;__Lib_MathDouble.c,1167 :: 		
0x04A6	0x5E03      	SUBWF       R3, 1, 0
;__Lib_MathDouble.c,1168 :: 		
0x04A8	0xB0D8      	BTFSC       STATUS, 0, 0
;__Lib_MathDouble.c,1169 :: 		
0x04AA	0xF002EFCC  	GOTO        MULJPSETFOV32
;__Lib_MathDouble.c,1170 :: 		
0x04AE	0xF002EF5D  	GOTO        MOK32
;__Lib_MathDouble.c,1172 :: 		
MTUN32:
;__Lib_MathDouble.c,1173 :: 		
0x04B2	0x5E03      	SUBWF       R3, 1, 0
;__Lib_MathDouble.c,1174 :: 		
0x04B4	0xA0D8      	BTFSS       STATUS, 0, 0
;__Lib_MathDouble.c,1175 :: 		
0x04B6	0xF002EFD0  	GOTO        MULJPSETFUN32
;__Lib_MathDouble.c,1177 :: 		
MOK32:
;__Lib_MathDouble.c,1178 :: 		
0x04BA	0x8E02      	BSF         R2, 7, 0
;__Lib_MathDouble.c,1179 :: 		
0x04BC	0x8E06      	BSF         R6, 7, 0
;__Lib_MathDouble.c,1181 :: 		
0x04BE	0xF00EC002  	MOVFF       R2, R14
;__Lib_MathDouble.c,1182 :: 		
0x04C2	0xF00BC001  	MOVFF       R1, R11
;__Lib_MathDouble.c,1183 :: 		
0x04C6	0xF00DC000  	MOVFF       R0, R13
;__Lib_MathDouble.c,1185 :: 		
0x04CA	0x5000      	MOVF        R0, 0, 0
;__Lib_MathDouble.c,1186 :: 		
0x04CC	0x0204      	MULWF       R4, 0
;__Lib_MathDouble.c,1187 :: 		
0x04CE	0xF00CCFF4  	MOVFF       PRODH, R12
;__Lib_MathDouble.c,1189 :: 		
0x04D2	0x5001      	MOVF        R1, 0, 0
;__Lib_MathDouble.c,1190 :: 		
0x04D4	0x0205      	MULWF       R5, 0
;__Lib_MathDouble.c,1191 :: 		
0x04D6	0xF000CFF4  	MOVFF       PRODH, R0
;__Lib_MathDouble.c,1192 :: 		
0x04DA	0xF008CFF3  	MOVFF       PRODL, R8
;__Lib_MathDouble.c,1194 :: 		
0x04DE	0x0204      	MULWF       R4, 0
;__Lib_MathDouble.c,1195 :: 		
0x04E0	0x50F3      	MOVF        PRODL, 0, 0
;__Lib_MathDouble.c,1196 :: 		
0x04E2	0x260C      	ADDWF       R12, 1, 0
;__Lib_MathDouble.c,1197 :: 		
0x04E4	0x50F4      	MOVF        PRODH, 0, 0
;__Lib_MathDouble.c,1198 :: 		
0x04E6	0x2208      	ADDWFC      R8, 1, 0
;__Lib_MathDouble.c,1199 :: 		
0x04E8	0x0E00      	MOVLW       0
;__Lib_MathDouble.c,1200 :: 		
0x04EA	0x2200      	ADDWFC      R0, 1, 0
;__Lib_MathDouble.c,1202 :: 		
0x04EC	0x500D      	MOVF        R13, 0, 0
;__Lib_MathDouble.c,1203 :: 		
0x04EE	0x0205      	MULWF       R5, 0
;__Lib_MathDouble.c,1204 :: 		
0x04F0	0x50F3      	MOVF        PRODL, 0, 0
;__Lib_MathDouble.c,1205 :: 		
0x04F2	0x260C      	ADDWF       R12, 1, 0
;__Lib_MathDouble.c,1206 :: 		
0x04F4	0x50F4      	MOVF        PRODH, 0, 0
;__Lib_MathDouble.c,1207 :: 		
0x04F6	0x2208      	ADDWFC      R8, 1, 0
;__Lib_MathDouble.c,1208 :: 		
0x04F8	0x0E00      	MOVLW       0
;__Lib_MathDouble.c,1209 :: 		
0x04FA	0x2200      	ADDWFC      R0, 1, 0
;__Lib_MathDouble.c,1211 :: 		
0x04FC	0x5002      	MOVF        R2, 0, 0
;__Lib_MathDouble.c,1212 :: 		
0x04FE	0x0204      	MULWF       R4, 0
;__Lib_MathDouble.c,1213 :: 		
0x0500	0x50F3      	MOVF        PRODL, 0, 0
;__Lib_MathDouble.c,1214 :: 		
0x0502	0x2608      	ADDWF       R8, 1, 0
;__Lib_MathDouble.c,1215 :: 		
0x0504	0x50F4      	MOVF        PRODH, 0, 0
;__Lib_MathDouble.c,1216 :: 		
0x0506	0x2200      	ADDWFC      R0, 1, 0
;__Lib_MathDouble.c,1217 :: 		
0x0508	0x5002      	MOVF        R2, 0, 0
;__Lib_MathDouble.c,1218 :: 		
0x050A	0x0205      	MULWF       R5, 0
;__Lib_MathDouble.c,1219 :: 		
0x050C	0x6A01      	CLRF        R1, 0
;__Lib_MathDouble.c,1220 :: 		
0x050E	0x0E00      	MOVLW       0
;__Lib_MathDouble.c,1221 :: 		
0x0510	0x2201      	ADDWFC      R1, 1, 0
;__Lib_MathDouble.c,1222 :: 		
0x0512	0x50F3      	MOVF        PRODL, 0, 0
;__Lib_MathDouble.c,1223 :: 		
0x0514	0x2600      	ADDWF       R0, 1, 0
;__Lib_MathDouble.c,1224 :: 		
0x0516	0x50F4      	MOVF        PRODH, 0, 0
;__Lib_MathDouble.c,1225 :: 		
0x0518	0x2201      	ADDWFC      R1, 1, 0
;__Lib_MathDouble.c,1227 :: 		
0x051A	0x500D      	MOVF        R13, 0, 0
;__Lib_MathDouble.c,1228 :: 		
0x051C	0x0206      	MULWF       R6, 0
;__Lib_MathDouble.c,1229 :: 		
0x051E	0x50F3      	MOVF        PRODL, 0, 0
;__Lib_MathDouble.c,1230 :: 		
0x0520	0x2608      	ADDWF       R8, 1, 0
;__Lib_MathDouble.c,1231 :: 		
0x0522	0x50F4      	MOVF        PRODH, 0, 0
;__Lib_MathDouble.c,1232 :: 		
0x0524	0x2200      	ADDWFC      R0, 1, 0
;__Lib_MathDouble.c,1233 :: 		
0x0526	0x6A02      	CLRF        R2, 0
;__Lib_MathDouble.c,1234 :: 		
0x0528	0x0E00      	MOVLW       0
;__Lib_MathDouble.c,1235 :: 		
0x052A	0x2201      	ADDWFC      R1, 1, 0
;__Lib_MathDouble.c,1236 :: 		
0x052C	0x2202      	ADDWFC      R2, 1, 0
;__Lib_MathDouble.c,1238 :: 		
0x052E	0x500B      	MOVF        R11, 0, 0
;__Lib_MathDouble.c,1239 :: 		
0x0530	0x0206      	MULWF       R6, 0
;__Lib_MathDouble.c,1240 :: 		
0x0532	0x50F3      	MOVF        PRODL, 0, 0
;__Lib_MathDouble.c,1241 :: 		
0x0534	0x2600      	ADDWF       R0, 1, 0
;__Lib_MathDouble.c,1242 :: 		
0x0536	0x50F4      	MOVF        PRODH, 0, 0
;__Lib_MathDouble.c,1243 :: 		
0x0538	0x2201      	ADDWFC      R1, 1, 0
;__Lib_MathDouble.c,1244 :: 		
0x053A	0x0E00      	MOVLW       0
;__Lib_MathDouble.c,1245 :: 		
0x053C	0x2202      	ADDWFC      R2, 1, 0
;__Lib_MathDouble.c,1247 :: 		
0x053E	0x500E      	MOVF        R14, 0, 0
;__Lib_MathDouble.c,1248 :: 		
0x0540	0x0206      	MULWF       R6, 0
;__Lib_MathDouble.c,1249 :: 		
0x0542	0x50F3      	MOVF        PRODL, 0, 0
;__Lib_MathDouble.c,1250 :: 		
0x0544	0x2601      	ADDWF       R1, 1, 0
;__Lib_MathDouble.c,1251 :: 		
0x0546	0x50F4      	MOVF        PRODH, 0, 0
;__Lib_MathDouble.c,1252 :: 		
0x0548	0x2202      	ADDWFC      R2, 1, 0
;__Lib_MathDouble.c,1254 :: 		
0x054A	0xBE02      	BTFSC       R2, 7, 0
;__Lib_MathDouble.c,1255 :: 		
0x054C	0xF002EFB0  	GOTO        MROUND32
;__Lib_MathDouble.c,1256 :: 		
0x0550	0x3608      	RLCF        R8, 1, 0
;__Lib_MathDouble.c,1257 :: 		
0x0552	0x3600      	RLCF        R0, 1, 0
;__Lib_MathDouble.c,1258 :: 		
0x0554	0x3601      	RLCF        R1, 1, 0
;__Lib_MathDouble.c,1259 :: 		
0x0556	0x3602      	RLCF        R2, 1, 0
;__Lib_MathDouble.c,1260 :: 		
0x0558	0x0603      	DECF        R3, 1, 0
;__Lib_MathDouble.c,1261 :: 		
0x055A	0xB4D8      	BTFSC       STATUS, 2, 0
;__Lib_MathDouble.c,1262 :: 		
0x055C	0xF002EFD0  	GOTO        MULJPSETFUN32
;__Lib_MathDouble.c,1264 :: 		
MROUND32:
;__Lib_MathDouble.c,1267 :: 		
0x0560	0xF002EFC3  	GOTO        MUL32OK
;__Lib_MathDouble.c,1268 :: 		
0x0564	0x80D8      	BSF         STATUS, 0, 0
;__Lib_MathDouble.c,1269 :: 		
0x0566	0x0E80      	MOVLW       128
;__Lib_MathDouble.c,1270 :: 		
0x0568	0x6408      	CPFSGT      R8, 0
;__Lib_MathDouble.c,1271 :: 		
0x056A	0x3000      	RRCF        R0, 0, 0
;__Lib_MathDouble.c,1272 :: 		
0x056C	0x0E00      	MOVLW       0
;__Lib_MathDouble.c,1273 :: 		
0x056E	0x2200      	ADDWFC      R0, 1, 0
;__Lib_MathDouble.c,1274 :: 		
0x0570	0x2201      	ADDWFC      R1, 1, 0
;__Lib_MathDouble.c,1275 :: 		
0x0572	0x2202      	ADDWFC      R2, 1, 0
;__Lib_MathDouble.c,1277 :: 		
0x0574	0xA0D8      	BTFSS       STATUS, 0, 0
;__Lib_MathDouble.c,1278 :: 		
0x0576	0xF002EFC3  	GOTO        MUL32OK
;__Lib_MathDouble.c,1279 :: 		
0x057A	0x3202      	RRCF        R2, 1, 0
;__Lib_MathDouble.c,1280 :: 		
0x057C	0x3201      	RRCF        R1, 1, 0
;__Lib_MathDouble.c,1281 :: 		
0x057E	0x3200      	RRCF        R0, 1, 0
;__Lib_MathDouble.c,1282 :: 		
0x0580	0x4A03      	INFSNZ      R3, 1, 0
;__Lib_MathDouble.c,1283 :: 		
0x0582	0xF002EFCC  	GOTO        MULJPSETFOV32
;__Lib_MathDouble.c,1285 :: 		
MUL32OK:
;__Lib_MathDouble.c,1286 :: 		
0x0586	0xAE0A      	BTFSS       R10, 7, 0
;__Lib_MathDouble.c,1287 :: 		
0x0588	0x9E02      	BCF         R2, 7, 0
;__Lib_MathDouble.c,1289 :: 		
0x058A	0x0E00      	MOVLW       0
;__Lib_MathDouble.c,1290 :: 		
0x058C	0xF002EFD2  	GOTO        MULEEE
;__Lib_MathDouble.c,1291 :: 		
MULJPRES032:
;__Lib_MathDouble.c,1292 :: 		
0x0590	0x0E01      	MOVLW       1
;__Lib_MathDouble.c,1295 :: 		
0x0592	0xDDCB      	RCALL       _RES032
;__Lib_MathDouble.c,1297 :: 		
0x0594	0xF002EFD2  	GOTO        MULEEE
;__Lib_MathDouble.c,1298 :: 		
MULJPSETFOV32:
;__Lib_MathDouble.c,1299 :: 		
0x0598	0x0E02      	MOVLW       2
;__Lib_MathDouble.c,1302 :: 		
0x059A	0xDE5F      	RCALL       _SETFOV32
;__Lib_MathDouble.c,1304 :: 		
0x059C	0xF002EFD2  	GOTO        MULEEE
;__Lib_MathDouble.c,1305 :: 		
MULJPSETFUN32:
;__Lib_MathDouble.c,1306 :: 		
0x05A0	0x0E04      	MOVLW       4
;__Lib_MathDouble.c,1309 :: 		
0x05A2	0xDDB1      	RCALL       _SETFUN32
;__Lib_MathDouble.c,1311 :: 		
MULEEE:
;__Lib_MathDouble.c,1318 :: 		
0x05A4	0x0012      	RETURN      0
; end of _Mul_32x32_FP
_Int2Double:
;__Lib_MathDouble.c,2285 :: 		
;__Lib_MathDouble.c,2294 :: 		
0x05A6	0xF008C000  	MOVFF       R0, R8
;__Lib_MathDouble.c,2295 :: 		
0x05AA	0x5001      	MOVF        R1, 0, 0
;__Lib_MathDouble.c,2296 :: 		
0x05AC	0x6E00      	MOVWF       R0, 0
;__Lib_MathDouble.c,2297 :: 		
0x05AE	0x6A01      	CLRF        R1, 0
;__Lib_MathDouble.c,2298 :: 		
0x05B0	0x6A02      	CLRF        R2, 0
;__Lib_MathDouble.c,2299 :: 		
0x05B2	0x6A03      	CLRF        R3, 0
;__Lib_MathDouble.c,2302 :: 		
0x05B4	0x6A0B      	CLRF        R11, 0
;__Lib_MathDouble.c,2303 :: 		
0x05B6	0x6A0C      	CLRF        R12, 0
;__Lib_MathDouble.c,2304 :: 		
0x05B8	0x6A01      	CLRF        R1, 0
;__Lib_MathDouble.c,2305 :: 		
0x05BA	0x6A02      	CLRF        R2, 0
;__Lib_MathDouble.c,2306 :: 		
0x05BC	0x6A03      	CLRF        R3, 0
;__Lib_MathDouble.c,2308 :: 		
0x05BE	0x0E96      	MOVLW       150
;__Lib_MathDouble.c,2309 :: 		
0x05C0	0x6E03      	MOVWF       R3, 0
;__Lib_MathDouble.c,2310 :: 		
0x05C2	0x6A0A      	CLRF        R10, 0
;__Lib_MathDouble.c,2311 :: 		
0x05C4	0xAE00      	BTFSS       R0, 7, 0
;__Lib_MathDouble.c,2312 :: 		
0x05C6	0xF002EFEB  	GOTO        FLO1632EEE
;__Lib_MathDouble.c,2314 :: 		
0x05CA	0x1E08      	COMF        R8, 1, 0
;__Lib_MathDouble.c,2315 :: 		
0x05CC	0x1E00      	COMF        R0, 1, 0
;__Lib_MathDouble.c,2317 :: 		
0x05CE	0x2A08      	INCF        R8, 1, 0
;__Lib_MathDouble.c,2318 :: 		
0x05D0	0xB4D8      	BTFSC       STATUS, 2, 0
;__Lib_MathDouble.c,2319 :: 		
0x05D2	0x2A00      	INCF        R0, 1, 0
;__Lib_MathDouble.c,2321 :: 		
0x05D4	0x8E0A      	BSF         R10, 7, 0
;__Lib_MathDouble.c,2322 :: 		
FLO1632EEE:
;__Lib_MathDouble.c,2323 :: 		
0x05D6	0xF001C000  	MOVFF       R0, R1
;__Lib_MathDouble.c,2324 :: 		
0x05DA	0xF000C008  	MOVFF       R8, R0
;__Lib_MathDouble.c,2325 :: 		
0x05DE	0x6A08      	CLRF        R8, 0
;__Lib_MathDouble.c,2326 :: 		
0x05E0	0x6A02      	CLRF        R2, 0
;__Lib_MathDouble.c,2328 :: 		
0x05E2	0xDDFC      	RCALL       _NRM3232
;__Lib_MathDouble.c,2329 :: 		
0x05E4	0x0012      	RETURN      0
; end of _Int2Double
_Div_32x32_FP:
;__Lib_MathDouble.c,1325 :: 		
;__Lib_MathDouble.c,1339 :: 		
0x05E6	0x5004      	MOVF        R4, 0 
0x05E8	0x0A00      	XORLW       0
0x05EA	0xE112      	BNZ         L_Div_32x32_FP11
;__Lib_MathDouble.c,1340 :: 		
0x05EC	0x5005      	MOVF        R5, 0 
0x05EE	0x0A00      	XORLW       0
0x05F0	0xE10F      	BNZ         L_Div_32x32_FP12
;__Lib_MathDouble.c,1341 :: 		
0x05F2	0x5006      	MOVF        R6, 0 
0x05F4	0x0A00      	XORLW       0
0x05F6	0xE10C      	BNZ         L_Div_32x32_FP13
;__Lib_MathDouble.c,1342 :: 		
0x05F8	0x5007      	MOVF        R7, 0 
0x05FA	0x0A00      	XORLW       0
0x05FC	0xE109      	BNZ         L_Div_32x32_FP14
;__Lib_MathDouble.c,1343 :: 		
0x05FE	0x0EFF      	MOVLW       255
0x0600	0x6E00      	MOVWF       R0 
;__Lib_MathDouble.c,1344 :: 		
0x0602	0x0EFF      	MOVLW       255
0x0604	0x6E01      	MOVWF       R1 
;__Lib_MathDouble.c,1345 :: 		
0x0606	0x0E7F      	MOVLW       127
0x0608	0x6E02      	MOVWF       R2 
;__Lib_MathDouble.c,1346 :: 		
0x060A	0x0EFF      	MOVLW       255
0x060C	0x6E03      	MOVWF       R3 
;__Lib_MathDouble.c,1347 :: 		
0x060E	0x0012      	RETURN      0
;__Lib_MathDouble.c,1348 :: 		
L_Div_32x32_FP14:
L_Div_32x32_FP13:
L_Div_32x32_FP12:
L_Div_32x32_FP11:
;__Lib_MathDouble.c,1353 :: 		
0x0610	0x6A08      	CLRF        R8, 0
;__Lib_MathDouble.c,1354 :: 		
0x0612	0x6A09      	CLRF        R9, 0
;__Lib_MathDouble.c,1356 :: 		
0x0614	0x5007      	MOVF        R7, 0, 0
;__Lib_MathDouble.c,1357 :: 		
0x0616	0xB4D8      	BTFSC       STATUS, 2, 0
;__Lib_MathDouble.c,1358 :: 		
0x0618	0xF003EF9E  	GOTO        JPDSETFDZ32
;__Lib_MathDouble.c,1360 :: 		
0x061C	0x5003      	MOVF        R3, 0, 0
;__Lib_MathDouble.c,1361 :: 		
0x061E	0xB4D8      	BTFSC       STATUS, 2, 0
;__Lib_MathDouble.c,1362 :: 		
0x0620	0xF003EFA2  	GOTO        JPDRES032
;__Lib_MathDouble.c,1364 :: 		
0x0624	0x5002      	MOVF        R2, 0, 0
;__Lib_MathDouble.c,1365 :: 		
0x0626	0x1806      	XORWF       R6, 0, 0
;__Lib_MathDouble.c,1366 :: 		
0x0628	0x6E0A      	MOVWF       R10, 0
;__Lib_MathDouble.c,1367 :: 		
0x062A	0x8E02      	BSF         R2, 7, 0
;__Lib_MathDouble.c,1368 :: 		
0x062C	0x8E06      	BSF         R6, 7, 0
;__Lib_MathDouble.c,1370 :: 		
0x062E	0x6A0E      	CLRF        R14, 0
;__Lib_MathDouble.c,1371 :: 		
0x0630	0xF008C002  	MOVFF       R2, R8
;__Lib_MathDouble.c,1372 :: 		
0x0634	0xF00CC001  	MOVFF       R1, R12
;__Lib_MathDouble.c,1373 :: 		
0x0638	0xF00DC000  	MOVFF       R0, R13
;__Lib_MathDouble.c,1375 :: 		
0x063C	0x5004      	MOVF        R4, 0, 0
;__Lib_MathDouble.c,1376 :: 		
0x063E	0x5E0D      	SUBWF       R13, 1, 0
;__Lib_MathDouble.c,1377 :: 		
0x0640	0x5005      	MOVF        R5, 0, 0
;__Lib_MathDouble.c,1378 :: 		
0x0642	0xA0D8      	BTFSS       STATUS, 0, 0
;__Lib_MathDouble.c,1379 :: 		
0x0644	0x3C05      	INCFSZ      R5, 0, 0
;__Lib_MathDouble.c,1381 :: 		
0x0646	0x5E0C      	SUBWF       R12, 1, 0
;__Lib_MathDouble.c,1382 :: 		
0x0648	0x5006      	MOVF        R6, 0, 0
;__Lib_MathDouble.c,1383 :: 		
0x064A	0xA0D8      	BTFSS       STATUS, 0, 0
;__Lib_MathDouble.c,1384 :: 		
0x064C	0x3C06      	INCFSZ      R6, 0, 0
;__Lib_MathDouble.c,1386 :: 		
0x064E	0x5E08      	SUBWF       R8, 1, 0
;__Lib_MathDouble.c,1387 :: 		
0x0650	0x6A08      	CLRF        R8, 0
;__Lib_MathDouble.c,1388 :: 		
0x0652	0x6A0C      	CLRF        R12, 0
;__Lib_MathDouble.c,1389 :: 		
0x0654	0x6A0D      	CLRF        R13, 0
;__Lib_MathDouble.c,1390 :: 		
0x0656	0xA0D8      	BTFSS       STATUS, 0, 0
;__Lib_MathDouble.c,1391 :: 		
0x0658	0xF003EF35  	GOTO        DALIGN32OK
;__Lib_MathDouble.c,1393 :: 		
0x065C	0x90D8      	BCF         STATUS, 0, 0
;__Lib_MathDouble.c,1394 :: 		
0x065E	0x3202      	RRCF        R2, 1, 0
;__Lib_MathDouble.c,1395 :: 		
0x0660	0x3201      	RRCF        R1, 1, 0
;__Lib_MathDouble.c,1396 :: 		
0x0662	0x3200      	RRCF        R0, 1, 0
;__Lib_MathDouble.c,1397 :: 		
0x0664	0x3208      	RRCF        R8, 1, 0
;__Lib_MathDouble.c,1398 :: 		
0x0666	0x0E01      	MOVLW       1
;__Lib_MathDouble.c,1399 :: 		
0x0668	0x6E0E      	MOVWF       R14, 0
;__Lib_MathDouble.c,1400 :: 		
DALIGN32OK:
;__Lib_MathDouble.c,1401 :: 		
0x066A	0x5007      	MOVF        R7, 0, 0
;__Lib_MathDouble.c,1402 :: 		
0x066C	0x5E03      	SUBWF       R3, 1, 0
;__Lib_MathDouble.c,1403 :: 		
0x066E	0xA0D8      	BTFSS       STATUS, 0, 0
;__Lib_MathDouble.c,1404 :: 		
0x0670	0xF003EF42  	GOTO        ALTB32
;__Lib_MathDouble.c,1406 :: 		
0x0674	0x0E7E      	MOVLW       126
;__Lib_MathDouble.c,1407 :: 		
0x0676	0x240E      	ADDWF       R14, 0, 0
;__Lib_MathDouble.c,1408 :: 		
0x0678	0x2603      	ADDWF       R3, 1, 0
;__Lib_MathDouble.c,1409 :: 		
0x067A	0xB0D8      	BTFSC       STATUS, 0, 0
;__Lib_MathDouble.c,1410 :: 		
0x067C	0xF003EFA6  	GOTO        JPDSETFOV32
;__Lib_MathDouble.c,1411 :: 		
0x0680	0xF003EF48  	GOTO        DARGOK32
;__Lib_MathDouble.c,1412 :: 		
ALTB32:
;__Lib_MathDouble.c,1413 :: 		
0x0684	0x0E7E      	MOVLW       126
;__Lib_MathDouble.c,1414 :: 		
0x0686	0x240E      	ADDWF       R14, 0, 0
;__Lib_MathDouble.c,1415 :: 		
0x0688	0x2603      	ADDWF       R3, 1, 0
;__Lib_MathDouble.c,1416 :: 		
0x068A	0xA0D8      	BTFSS       STATUS, 0, 0
;__Lib_MathDouble.c,1417 :: 		
0x068C	0xF003EFAA  	GOTO        JPDSETFUN32
;__Lib_MathDouble.c,1418 :: 		
DARGOK32:
;__Lib_MathDouble.c,1419 :: 		
0x0690	0x0E18      	MOVLW       24
;__Lib_MathDouble.c,1420 :: 		
0x0692	0x6E0B      	MOVWF       R11, 0
;__Lib_MathDouble.c,1421 :: 		
DLOOP32:
;__Lib_MathDouble.c,1422 :: 		
0x0694	0x360D      	RLCF        R13, 1, 0
;__Lib_MathDouble.c,1423 :: 		
0x0696	0x360C      	RLCF        R12, 1, 0
;__Lib_MathDouble.c,1424 :: 		
0x0698	0x3608      	RLCF        R8, 1, 0
;__Lib_MathDouble.c,1425 :: 		
0x069A	0x3600      	RLCF        R0, 1, 0
;__Lib_MathDouble.c,1426 :: 		
0x069C	0x3601      	RLCF        R1, 1, 0
;__Lib_MathDouble.c,1427 :: 		
0x069E	0x3602      	RLCF        R2, 1, 0
;__Lib_MathDouble.c,1428 :: 		
0x06A0	0x360E      	RLCF        R14, 1, 0
;__Lib_MathDouble.c,1430 :: 		
0x06A2	0x5004      	MOVF        R4, 0, 0
;__Lib_MathDouble.c,1431 :: 		
0x06A4	0x5E00      	SUBWF       R0, 1, 0
;__Lib_MathDouble.c,1432 :: 		
0x06A6	0x5005      	MOVF        R5, 0, 0
;__Lib_MathDouble.c,1433 :: 		
0x06A8	0xA0D8      	BTFSS       STATUS, 0, 0
;__Lib_MathDouble.c,1434 :: 		
0x06AA	0x3C05      	INCFSZ      R5, 0, 0
;__Lib_MathDouble.c,1436 :: 		
0x06AC	0x5E01      	SUBWF       R1, 1, 0
;__Lib_MathDouble.c,1437 :: 		
0x06AE	0x5006      	MOVF        R6, 0, 0
;__Lib_MathDouble.c,1438 :: 		
0x06B0	0xA0D8      	BTFSS       STATUS, 0, 0
;__Lib_MathDouble.c,1439 :: 		
0x06B2	0x3C06      	INCFSZ      R6, 0, 0
;__Lib_MathDouble.c,1441 :: 		
0x06B4	0x5E02      	SUBWF       R2, 1, 0
;__Lib_MathDouble.c,1442 :: 		
0x06B6	0x3406      	RLCF        R6, 0, 0
;__Lib_MathDouble.c,1443 :: 		
0x06B8	0x120E      	IORWF       R14, 1, 0
;__Lib_MathDouble.c,1444 :: 		
0x06BA	0xA00E      	BTFSS       R14, 0, 0
;__Lib_MathDouble.c,1445 :: 		
0x06BC	0xF003EF63  	GOTO        DREST32
;__Lib_MathDouble.c,1446 :: 		
0x06C0	0x800D      	BSF         R13, 0, 0
;__Lib_MathDouble.c,1447 :: 		
0x06C2	0xF003EF6E  	GOTO        DOK32
;__Lib_MathDouble.c,1448 :: 		
DREST32:
;__Lib_MathDouble.c,1449 :: 		
0x06C6	0x5004      	MOVF        R4, 0, 0
;__Lib_MathDouble.c,1450 :: 		
0x06C8	0x2600      	ADDWF       R0, 1, 0
;__Lib_MathDouble.c,1451 :: 		
0x06CA	0x5005      	MOVF        R5, 0, 0
;__Lib_MathDouble.c,1452 :: 		
0x06CC	0xB0D8      	BTFSC       STATUS, 0, 0
;__Lib_MathDouble.c,1453 :: 		
0x06CE	0x3C05      	INCFSZ      R5, 0, 0
;__Lib_MathDouble.c,1455 :: 		
0x06D0	0x2601      	ADDWF       R1, 1, 0
;__Lib_MathDouble.c,1456 :: 		
0x06D2	0x5006      	MOVF        R6, 0, 0
;__Lib_MathDouble.c,1457 :: 		
0x06D4	0xB0D8      	BTFSC       STATUS, 0, 0
;__Lib_MathDouble.c,1458 :: 		
0x06D6	0x2806      	INCF        R6, 0, 0
;__Lib_MathDouble.c,1459 :: 		
0x06D8	0x2602      	ADDWF       R2, 1, 0
;__Lib_MathDouble.c,1460 :: 		
0x06DA	0x900D      	BCF         R13, 0, 0
;__Lib_MathDouble.c,1461 :: 		
DOK32:
;__Lib_MathDouble.c,1462 :: 		
0x06DC	0x2E0B      	DECFSZ      R11, 1, 0
;__Lib_MathDouble.c,1463 :: 		
0x06DE	0xF003EF4A  	GOTO        DLOOP32
;__Lib_MathDouble.c,1467 :: 		
0x06E2	0xF003EF94  	GOTO        DIV32OK
;__Lib_MathDouble.c,1468 :: 		
0x06E6	0x90D8      	BCF         STATUS, 0, 0
;__Lib_MathDouble.c,1469 :: 		
0x06E8	0x3600      	RLCF        R0, 1, 0
;__Lib_MathDouble.c,1470 :: 		
0x06EA	0x3601      	RLCF        R1, 1, 0
;__Lib_MathDouble.c,1471 :: 		
0x06EC	0x3602      	RLCF        R2, 1, 0
;__Lib_MathDouble.c,1472 :: 		
0x06EE	0x360E      	RLCF        R14, 1, 0
;__Lib_MathDouble.c,1474 :: 		
0x06F0	0x5004      	MOVF        R4, 0, 0
;__Lib_MathDouble.c,1475 :: 		
0x06F2	0x5E00      	SUBWF       R0, 1, 0
;__Lib_MathDouble.c,1476 :: 		
0x06F4	0x5005      	MOVF        R5, 0, 0
;__Lib_MathDouble.c,1477 :: 		
0x06F6	0xA0D8      	BTFSS       STATUS, 0, 0
;__Lib_MathDouble.c,1478 :: 		
0x06F8	0x3C05      	INCFSZ      R5, 0, 0
;__Lib_MathDouble.c,1479 :: 		
0x06FA	0x5E01      	SUBWF       R1, 1, 0
;__Lib_MathDouble.c,1480 :: 		
0x06FC	0x5006      	MOVF        R6, 0, 0
;__Lib_MathDouble.c,1481 :: 		
0x06FE	0xA0D8      	BTFSS       STATUS, 0, 0
;__Lib_MathDouble.c,1482 :: 		
0x0700	0x3C06      	INCFSZ      R6, 0, 0
;__Lib_MathDouble.c,1483 :: 		
0x0702	0x5E02      	SUBWF       R2, 1, 0
;__Lib_MathDouble.c,1484 :: 		
0x0704	0x3406      	RLCF        R6, 0, 0
;__Lib_MathDouble.c,1485 :: 		
0x0706	0x100E      	IORWF       R14, 0, 0
;__Lib_MathDouble.c,1486 :: 		
0x0708	0x0B01      	ANDLW       1
;__Lib_MathDouble.c,1487 :: 		
0x070A	0x260D      	ADDWF       R13, 1, 0
;__Lib_MathDouble.c,1488 :: 		
0x070C	0xB0D8      	BTFSC       STATUS, 0, 0
;__Lib_MathDouble.c,1489 :: 		
0x070E	0x2A0C      	INCF        R12, 1, 0
;__Lib_MathDouble.c,1490 :: 		
0x0710	0xB4D8      	BTFSC       STATUS, 2, 0
;__Lib_MathDouble.c,1491 :: 		
0x0712	0x2A08      	INCF        R8, 1, 0
;__Lib_MathDouble.c,1492 :: 		
0x0714	0xA4D8      	BTFSS       STATUS, 2, 0
;__Lib_MathDouble.c,1493 :: 		
0x0716	0xF003EF94  	GOTO        DIV32OK
;__Lib_MathDouble.c,1494 :: 		
0x071A	0x3208      	RRCF        R8, 1, 0
;__Lib_MathDouble.c,1495 :: 		
0x071C	0x320C      	RRCF        R12, 1, 0
;__Lib_MathDouble.c,1496 :: 		
0x071E	0x320D      	RRCF        R13, 1, 0
;__Lib_MathDouble.c,1497 :: 		
0x0720	0x2A03      	INCF        R3, 1, 0
;__Lib_MathDouble.c,1498 :: 		
0x0722	0xB4D8      	BTFSC       STATUS, 2, 0
;__Lib_MathDouble.c,1499 :: 		
0x0724	0xF003EFA6  	GOTO        JPDSETFOV32
;__Lib_MathDouble.c,1500 :: 		
DIV32OK:
;__Lib_MathDouble.c,1501 :: 		
0x0728	0xAE0A      	BTFSS       R10, 7, 0
;__Lib_MathDouble.c,1502 :: 		
0x072A	0x9E08      	BCF         R8, 7, 0
;__Lib_MathDouble.c,1503 :: 		
0x072C	0x5008      	MOVF        R8, 0, 0
;__Lib_MathDouble.c,1504 :: 		
0x072E	0x6E02      	MOVWF       R2, 0
;__Lib_MathDouble.c,1505 :: 		
0x0730	0x500C      	MOVF        R12, 0, 0
;__Lib_MathDouble.c,1506 :: 		
0x0732	0x6E01      	MOVWF       R1, 0
;__Lib_MathDouble.c,1507 :: 		
0x0734	0x500D      	MOVF        R13, 0, 0
;__Lib_MathDouble.c,1508 :: 		
0x0736	0x6E00      	MOVWF       R0, 0
;__Lib_MathDouble.c,1511 :: 		
0x0738	0xF003EFAC  	GOTO        DIV32EEE
;__Lib_MathDouble.c,1512 :: 		
JPDSETFDZ32:
;__Lib_MathDouble.c,1513 :: 		
0x073C	0x0E01      	MOVLW       1
;__Lib_MathDouble.c,1516 :: 		
0x073E	0xDD99      	RCALL       _SETFDZ32
;__Lib_MathDouble.c,1518 :: 		
0x0740	0xF003EFAC  	GOTO        DIV32EEE
;__Lib_MathDouble.c,1519 :: 		
JPDRES032:
;__Lib_MathDouble.c,1520 :: 		
0x0744	0x0E02      	MOVLW       2
;__Lib_MathDouble.c,1523 :: 		
0x0746	0xDCF1      	RCALL       _RES032
;__Lib_MathDouble.c,1525 :: 		
0x0748	0xF003EFAC  	GOTO        DIV32EEE
;__Lib_MathDouble.c,1526 :: 		
JPDSETFOV32:
;__Lib_MathDouble.c,1527 :: 		
0x074C	0x0E04      	MOVLW       4
;__Lib_MathDouble.c,1530 :: 		
0x074E	0xDD85      	RCALL       _SETFOV32
;__Lib_MathDouble.c,1532 :: 		
0x0750	0xF003EFAC  	GOTO        DIV32EEE
;__Lib_MathDouble.c,1533 :: 		
JPDSETFUN32:
;__Lib_MathDouble.c,1534 :: 		
0x0754	0x0E08      	MOVLW       8
;__Lib_MathDouble.c,1537 :: 		
0x0756	0xDCD7      	RCALL       _SETFUN32
;__Lib_MathDouble.c,1539 :: 		
DIV32EEE:
;__Lib_MathDouble.c,1547 :: 		
0x0758	0x0012      	RETURN      0
; end of _Div_32x32_FP
_main:
0x075A	0x6A15      	CLRF        _counter 
0x075C	0x6A16      	CLRF        22 
0x075E	0x6A17      	CLRF        _flag 
0x0760	0x6A18      	CLRF        24 
;carparking.c,14 :: 		void main()
;carparking.c,16 :: 		ADCON1=0x1A;  //AN3 will be used as reference and A4-A0 will be set as analog i/p i.e A0-A5 !A4
0x0762	0x0E1A      	MOVLW       26
0x0764	0x6EC1      	MOVWF       ADCON1 
;carparking.c,18 :: 		TRISA=0x6F;
0x0766	0x0E6F      	MOVLW       111
0x0768	0x6E92      	MOVWF       TRISA 
;carparking.c,19 :: 		PWM1_Init(5000);
0x076A	0x80CA      	BSF         T2CON, 0, 0
0x076C	0x92CA      	BCF         T2CON, 1, 0
0x076E	0x0EF9      	MOVLW       249
0x0770	0x6ECB      	MOVWF       PR2, 0
0x0772	0xDE0D      	RCALL       _PWM1_Init
;carparking.c,25 :: 		INTCON.T0IE=1;          //enable interrupt for timer1
0x0774	0x8AF2      	BSF         INTCON, 5 
;carparking.c,32 :: 		TRISC=0;              //RC1-CCP2(PWM2)  RC2-CCP1(PWM1)      RC4/5- F/W   RC6/7- L/R
0x0776	0x6A94      	CLRF        TRISC 
;carparking.c,34 :: 		while(1)
L_main0:
;carparking.c,36 :: 		float dist_tra=0.0;
0x0778	0x6A25      	CLRF        main_dist_tra_L1 
0x077A	0x6A26      	CLRF        main_dist_tra_L1+1 
0x077C	0x6A27      	CLRF        main_dist_tra_L1+2 
0x077E	0x6A28      	CLRF        main_dist_tra_L1+3 
;carparking.c,37 :: 		dist1=ADC_Read(0);
0x0780	0x6A29      	CLRF        FARG_ADC_Read_channel 
0x0782	0xDD7B      	RCALL       _ADC_Read
0x0784	0xF01FC000  	MOVFF       R0, _dist1
0x0788	0xF020C001  	MOVFF       R1, _dist1+1
;carparking.c,38 :: 		dist2=ADC_Read(1);
0x078C	0x0E01      	MOVLW       1
0x078E	0x6E29      	MOVWF       FARG_ADC_Read_channel 
0x0790	0xDD74      	RCALL       _ADC_Read
0x0792	0xF021C000  	MOVFF       R0, _dist2
0x0796	0xF022C001  	MOVFF       R1, _dist2+1
;carparking.c,39 :: 		dist3=ADC_Read(2);
0x079A	0x0E02      	MOVLW       2
0x079C	0x6E29      	MOVWF       FARG_ADC_Read_channel 
0x079E	0xDD6D      	RCALL       _ADC_Read
0x07A0	0xF023C000  	MOVFF       R0, _dist3
0x07A4	0xF024C001  	MOVFF       R1, _dist3+1
;carparking.c,40 :: 		dist4=ADC_Read(4);
0x07A8	0x0E04      	MOVLW       4
0x07AA	0x6E29      	MOVWF       FARG_ADC_Read_channel 
0x07AC	0xDD66      	RCALL       _ADC_Read
0x07AE	0xF01DC000  	MOVFF       R0, _dist4
0x07B2	0xF01EC001  	MOVFF       R1, _dist4+1
;carparking.c,42 :: 		if(INTCON.TMR0IF)        //timer for distance
0x07B6	0xA4F2      	BTFSS       INTCON, 2 
0x07B8	0xD003      	BRA         L_main2
;carparking.c,44 :: 		counter++;
0x07BA	0x4A15      	INFSNZ      _counter, 1 
0x07BC	0x2A16      	INCF        _counter+1, 1 
;carparking.c,45 :: 		INTCON.TMR0IF=0;
0x07BE	0x94F2      	BCF         INTCON, 2 
;carparking.c,46 :: 		}
L_main2:
;carparking.c,48 :: 		if(dist1<15)
0x07C0	0x0E80      	MOVLW       128
0x07C2	0x1820      	XORWF       _dist1+1, 0 
0x07C4	0x6E00      	MOVWF       R0 
0x07C6	0x0E80      	MOVLW       128
0x07C8	0x5C00      	SUBWF       R0, 0 
0x07CA	0xE102      	BNZ         L__main23
0x07CC	0x0E0F      	MOVLW       15
0x07CE	0x5C1F      	SUBWF       _dist1, 0 
L__main23:
0x07D0	0xE206      	BC          L_main3
;carparking.c,50 :: 		stop_car_f();
0x07D2	0xDCB2      	RCALL       _stop_car_f
;carparking.c,51 :: 		move_car_b(127);
0x07D4	0x0E7F      	MOVLW       127
0x07D6	0x6E2D      	MOVWF       FARG_move_car_b_req_speed 
0x07D8	0x0E00      	MOVLW       0
0x07DA	0x6E2E      	MOVWF       FARG_move_car_b_req_speed+1 
0x07DC	0xDC89      	RCALL       _move_car_b
;carparking.c,52 :: 		}
L_main3:
;carparking.c,54 :: 		if(dist4<15)
0x07DE	0x0E80      	MOVLW       128
0x07E0	0x181E      	XORWF       _dist4+1, 0 
0x07E2	0x6E00      	MOVWF       R0 
0x07E4	0x0E80      	MOVLW       128
0x07E6	0x5C00      	SUBWF       R0, 0 
0x07E8	0xE102      	BNZ         L__main24
0x07EA	0x0E0F      	MOVLW       15
0x07EC	0x5C1D      	SUBWF       _dist4, 0 
L__main24:
0x07EE	0xE206      	BC          L_main4
;carparking.c,56 :: 		stop_car_b();
0x07F0	0xDCE1      	RCALL       _stop_car_b
;carparking.c,57 :: 		move_car_f(127);
0x07F2	0x0E7F      	MOVLW       127
0x07F4	0x6E2D      	MOVWF       FARG_move_car_f_req_speed 
0x07F6	0x0E00      	MOVLW       0
0x07F8	0x6E2E      	MOVWF       FARG_move_car_f_req_speed+1 
0x07FA	0xDC73      	RCALL       _move_car_f
;carparking.c,58 :: 		}
L_main4:
;carparking.c,60 :: 		if(dist2>35)
0x07FC	0x0E80      	MOVLW       128
0x07FE	0x6E00      	MOVWF       R0 
0x0800	0x0E80      	MOVLW       128
0x0802	0x1822      	XORWF       _dist2+1, 0 
0x0804	0x5C00      	SUBWF       R0, 0 
0x0806	0xE102      	BNZ         L__main25
0x0808	0x5021      	MOVF        _dist2, 0 
0x080A	0x0823      	SUBLW       35
L__main25:
0x080C	0xE20A      	BC          L_main5
;carparking.c,62 :: 		T0CON=0x82;  // T0CONbits.T08BIT = 0;  T0CONbits.T0CS = 0;  T0CONbits.PSA = 0;  T0CONbits.T0PS2-0 = 010;  T0CONbits.TMR0ON = 1;
0x080E	0x0E82      	MOVLW       130
0x0810	0x6ED5      	MOVWF       T0CON 
;carparking.c,63 :: 		TMR0H=0xB;
0x0812	0x0E0B      	MOVLW       11
0x0814	0x6ED7      	MOVWF       TMR0H 
;carparking.c,64 :: 		TMR0L=0xDC;  // TMR0= 3036 FOR 100ms
0x0816	0x0EDC      	MOVLW       220
0x0818	0x6ED6      	MOVWF       TMR0L 
;carparking.c,65 :: 		flag=1;
0x081A	0x0E01      	MOVLW       1
0x081C	0x6E17      	MOVWF       _flag 
0x081E	0x0E00      	MOVLW       0
0x0820	0x6E18      	MOVWF       _flag+1 
;carparking.c,66 :: 		}
L_main5:
;carparking.c,68 :: 		if(dist2<=35 && flag==1)
0x0822	0x0E80      	MOVLW       128
0x0824	0x6E00      	MOVWF       R0 
0x0826	0x0E80      	MOVLW       128
0x0828	0x1822      	XORWF       _dist2+1, 0 
0x082A	0x5C00      	SUBWF       R0, 0 
0x082C	0xE102      	BNZ         L__main26
0x082E	0x5021      	MOVF        _dist2, 0 
0x0830	0x0823      	SUBLW       35
L__main26:
0x0832	0xE347      	BNC         L_main8
0x0834	0x0E00      	MOVLW       0
0x0836	0x1818      	XORWF       _flag+1, 0 
0x0838	0xE102      	BNZ         L__main27
0x083A	0x0E01      	MOVLW       1
0x083C	0x1817      	XORWF       _flag, 0 
L__main27:
0x083E	0xE141      	BNZ         L_main8
L__main22:
;carparking.c,70 :: 		T0CON.TMR0ON=0;
0x0840	0x9ED5      	BCF         T0CON, 7 
;carparking.c,71 :: 		dist_tra=speed*counter/10;        //speed needs to be calculated in terms of cm/s
0x0842	0xF000C015  	MOVFF       _counter, R0
0x0846	0xF001C016  	MOVFF       _counter+1, R1
0x084A	0xDEAD      	RCALL       _Int2Double
0x084C	0xF004C019  	MOVFF       _speed, R4
0x0850	0xF005C01A  	MOVFF       _speed+1, R5
0x0854	0xF006C01B  	MOVFF       _speed+2, R6
0x0858	0xF007C01C  	MOVFF       _speed+3, R7
0x085C	0xDE14      	RCALL       _Mul_32x32_FP
0x085E	0x0E00      	MOVLW       0
0x0860	0x6E04      	MOVWF       R4 
0x0862	0x0E00      	MOVLW       0
0x0864	0x6E05      	MOVWF       R5 
0x0866	0x0E20      	MOVLW       32
0x0868	0x6E06      	MOVWF       R6 
0x086A	0x0E82      	MOVLW       130
0x086C	0x6E07      	MOVWF       R7 
0x086E	0xDEBB      	RCALL       _Div_32x32_FP
0x0870	0xF025C000  	MOVFF       R0, main_dist_tra_L1
0x0874	0xF026C001  	MOVFF       R1, main_dist_tra_L1+1
0x0878	0xF027C002  	MOVFF       R2, main_dist_tra_L1+2
0x087C	0xF028C003  	MOVFF       R3, main_dist_tra_L1+3
;carparking.c,72 :: 		if(dist_tra>=75)         //Giving a safe distance of 65
0x0880	0x0E00      	MOVLW       0
0x0882	0x6E04      	MOVWF       R4 
0x0884	0x0E00      	MOVLW       0
0x0886	0x6E05      	MOVWF       R5 
0x0888	0x0E16      	MOVLW       22
0x088A	0x6E06      	MOVWF       R6 
0x088C	0x0E85      	MOVLW       133
0x088E	0x6E07      	MOVWF       R7 
0x0890	0xDD0F      	RCALL       _Compare_Double
0x0892	0x0E00      	MOVLW       0
0x0894	0xB0D8      	BTFSC       STATUS, 0 
0x0896	0x0E01      	MOVLW       1
0x0898	0x6E00      	MOVWF       R0 
0x089A	0x5200      	MOVF        R0, 1 
0x089C	0xE00B      	BZ          L_main9
;carparking.c,74 :: 		stop_car_f();
0x089E	0xDC4C      	RCALL       _stop_car_f
;carparking.c,75 :: 		parking_mode(dist_tra);
0x08A0	0xF029C025  	MOVFF       main_dist_tra_L1, FARG_parking_mode_p_space
0x08A4	0xF02AC026  	MOVFF       main_dist_tra_L1+1, FARG_parking_mode_p_space+1
0x08A8	0xF02BC027  	MOVFF       main_dist_tra_L1+2, FARG_parking_mode_p_space+2
0x08AC	0xF02CC028  	MOVFF       main_dist_tra_L1+3, FARG_parking_mode_p_space+3
0x08B0	0xDD72      	RCALL       _parking_mode
;carparking.c,76 :: 		}
0x08B2	0xD005      	BRA         L_main10
L_main9:
;carparking.c,78 :: 		move_car_f(127);
0x08B4	0x0E7F      	MOVLW       127
0x08B6	0x6E2D      	MOVWF       FARG_move_car_f_req_speed 
0x08B8	0x0E00      	MOVLW       0
0x08BA	0x6E2E      	MOVWF       FARG_move_car_f_req_speed+1 
0x08BC	0xDC12      	RCALL       _move_car_f
L_main10:
;carparking.c,79 :: 		flag=0;
0x08BE	0x6A17      	CLRF        _flag 
0x08C0	0x6A18      	CLRF        _flag+1 
;carparking.c,80 :: 		}
L_main8:
;carparking.c,83 :: 		}
0x08C2	0xD75A      	BRA         L_main0
;carparking.c,84 :: 		}
0x08C4	0xD7FF      	BRA         $+0
; end of _main
Symbol List:
//** Routines locations **
//ADDRESS    SIZE    PROCEDURE
//----------------------------------------------
0x001C      [80]    _Mul_16x16_U
0x006C     [108]    _PWM1_Set_Duty
0x00D8      [10]    _PWM1_Start
0x00E2      [14]    _move_car_f
0x00F0      [14]    _move_car_b
0x00FE       [8]    _FIXSIGN32
0x0106      [26]    _SETFUN32
0x0120      [10]    _PWM1_Stop
0x012A      [14]    _RES032
0x0138      [40]    _stop_car_f
0x0160      [28]    _wheel_c
0x017C      [28]    _wheel_r
0x0198      [28]    _wheel_l
0x01B4      [40]    _stop_car_b
0x01DC     [114]    _NRM3232
0x024E      [12]    _Delay_22us
0x025A      [24]    _SETFOV32
0x0272       [8]    _SETFDZ32
0x027A      [54]    _ADC_Read
0x02B0     [206]    _Compare_Double
0x037E      [16]    ___CC2DW
0x038E       [8]    _PWM1_Init
0x0396     [240]    _parking_mode
0x0486     [288]    _Mul_32x32_FP
0x05A6      [64]    _Int2Double
0x05E6     [372]    _Div_32x32_FP
0x075A     [364]    _main
//** Variables locations ** 
//ADDRESS    SIZE    VARIABLE
//----------------------------------------------
0x0000       [1]    UART1_Init_tmp_L0
0x0000       [1]    R0
0x0000       [1]    FLASH_Erase_64_SaveINTCON_L0
0x0000       [1]    EEPROM_Write_SaveINTCON_L0
0x0000       [1]    __Lib_SoftI2C_PutZerosToLATSda_temp_sda_L0
0x0000       [1]    __Lib_SoftI2C_PutZerosToLATScl_temp_scl_L0
0x0000       [1]    SPI1_Write_tmp_L0
0x0001       [1]    UART1_Read___tmp_UART1_Read_L0
0x0001       [1]    R1
0x0001       [2]    FLASH_Read_N_Bytes_i_L0
0x0001       [1]    FLASH_Write_32_i_L0
0x0001       [1]    ispunct_rslt_L0
0x0001       [1]    __Lib_TFT_JPEG_FileReadBytes_Result_L0
0x0001       [1]    FLASH_Erase_Write_64_i_L0
0x0001       [1]    __Lib_TFT_JPEG_FileRead_i_L0
0x0001       [1]    I2C1_Rd_tmp_L0
0x0001       [1]    __Lib_PS2_Wait_Falling_nsample_L0
0x0002       [2]    memset_pp_L0
0x0002       [1]    FLASH_Write_32_SaveINTCON_L0
0x0002       [2]    strlen_cp_L0
0x0002       [2]    memchr_s_L0
0x0002       [1]    FLASH_Erase_Write_64_j_L0
0x0002       [2]    memcpy_dd_L0
0x0002       [1]    R2
0x0003       [2]    Ltrim_original_L0
0x0003       [1]    FLASH_Erase_Write_64_SaveINTCON_L0
0x0003       [2]    memmove_tt_L0
0x0003       [1]    R3
0x0004       [2]    frexp_pom_L0
0x0004       [2]    memcpy_ss_L0
0x0004       [2]    strcat_cp_L0
0x0004       [2]    strncpy_cp_L0
0x0004       [1]    R4
0x0004       [2]    strcpy_cp_L0
0x0004       [2]    strncat_cp_L0
0x0005       [2]    LongWordToHex_input_half_L0
0x0005       [1]    __Lib_TFT__TFT_Write_Char_Return_Pos_xCnt_L0
0x0005       [2]    memmove_ff_L0
0x0005       [2]    LongIntToHex_input_half_L0
0x0005       [2]    Ltrim_p_L0
0x0005       [1]    R5
0x0006       [1]    R6
0x0006       [1]    __Lib_TFT__TFT_Write_Char_Return_Pos_yCnt_L0
0x0007       [1]    __Lib_TFT_JPEG_GenerateHuffmanTables_bLength_L0
0x0007       [2]    __Lib_TFT__TFT_Write_Char_Return_Pos_y_L0
0x0007       [1]    R7
0x0008       [1]    R8
0x0008       [1]    __Lib_TFT_JPEG_GenerateHuffmanTables_bTable_L0
0x0009       [1]    __Lib_TFT__TFT_Write_Char_Return_Pos_mask_L0
0x0009       [1]    R9
0x000A       [1]    R10
0x000B       [1]    R11
0x000C       [1]    R12
0x000D       [1]    R13
0x000E       [1]    R14
0x000F       [1]    R15
0x0010       [1]    R16
0x0011       [1]    R17
0x0012       [1]    R18
0x0013       [1]    R19
0x0014       [1]    R20
0x0015       [2]    _counter
0x0017       [2]    _flag
0x0019       [4]    _speed
0x001D       [2]    _dist4
0x001F       [2]    _dist1
0x0021       [2]    _dist2
0x0023       [2]    _dist3
0x0025       [4]    main_dist_tra_L1
0x0029       [4]    FARG_parking_mode_p_space
0x0029       [4]    FARG_PWM1_Init_PWM_Freq
0x0029       [1]    FARG_ADC_Read_channel
0x002D       [2]    FARG_move_car_b_req_speed
0x002D       [2]    FARG_move_car_f_req_speed
0x002F       [1]    FARG_PWM1_Set_Duty_new_duty
0x0F80       [0]    VREFN_bit
0x0F80       [0]    T0CKI_bit
0x0F80       [0]    VREFP_bit
0x0F80       [0]    OSC2_bit
0x0F80       [0]    OSC1_bit
0x0F80       [0]    AN1_bit
0x0F80       [0]    AN2_bit
0x0F80       [0]    AN3_bit
0x0F80       [0]    RA2_bit
0x0F80       [0]    RA1_bit
0x0F80       [0]    RA3_bit
0x0F80       [1]    PORTA
0x0F80       [0]    CVREF_bit
0x0F80       [0]    CLKI_bit
0x0F80       [0]    AN4_bit
0x0F80       [0]    CLKO_bit
0x0F80       [0]    RA0_bit
0x0F80       [0]    RA4_bit
0x0F80       [0]    RA6_bit
0x0F80       [0]    RA7_bit
0x0F80       [0]    NOT_SS_bit
0x0F80       [0]    LVDIN_bit
0x0F80       [0]    AN0_bit
0x0F80       [0]    SS_bit
0x0F80       [0]    RA5_bit
0x0F81       [0]    KBI3_bit
0x0F81       [0]    AN10_bit
0x0F81       [0]    AN12_bit
0x0F81       [0]    KBI0_bit
0x0F81       [0]    KBI2_bit
0x0F81       [0]    KBI1_bit
0x0F81       [0]    AN8_bit
0x0F81       [0]    RB0_bit
0x0F81       [0]    AN11_bit
0x0F81       [0]    RB1_bit
0x0F81       [0]    INT0_bit
0x0F81       [0]    RB2_bit
0x0F81       [0]    PGM_bit
0x0F81       [0]    CCP2_PORTB_bit
0x0F81       [0]    PGD_bit
0x0F81       [1]    PORTB
0x0F81       [0]    PGC_bit
0x0F81       [0]    INT1_bit
0x0F81       [0]    RB7_bit
0x0F81       [0]    AN9_bit
0x0F81       [0]    INT2_bit
0x0F81       [0]    RB4_bit
0x0F81       [0]    RB3_bit
0x0F81       [0]    RB5_bit
0x0F81       [0]    RB6_bit
0x0F82       [0]    SDA_bit
0x0F82       [0]    SDO_bit
0x0F82       [0]    SDI_bit
0x0F82       [0]    TX_bit
0x0F82       [0]    RC0_bit
0x0F82       [0]    CK_bit
0x0F82       [0]    T1OSI_bit
0x0F82       [0]    CCP2_PORTC_bit
0x0F82       [0]    SCK_bit
0x0F82       [1]    PORTC
0x0F82       [0]    CCP1_bit
0x0F82       [0]    T1OSO_bit
0x0F82       [0]    RX__bit
0x0F82       [0]    SCL_bit
0x0F82       [0]    RC4_bit
0x0F82       [0]    RC5_bit
0x0F82       [0]    RC7_bit
0x0F82       [0]    RC6_bit
0x0F82       [0]    T13CKI_bit
0x0F82       [0]    T1CKI_bit
0x0F82       [0]    RC1_bit
0x0F82       [0]    RC3_bit
0x0F82       [0]    RC2_bit
0x0F83       [0]    RD6_bit
0x0F83       [0]    RD7_bit
0x0F83       [0]    RD4_bit
0x0F83       [0]    RD5_bit
0x0F83       [0]    PSP6_bit
0x0F83       [0]    P1B_bit
0x0F83       [0]    PSP4_bit
0x0F83       [0]    PSP5_bit
0x0F83       [0]    PSP7_bit
0x0F83       [1]    PORTD
0x0F83       [0]    P1C_bit
0x0F83       [0]    P1D_bit
0x0F83       [0]    PSP3_bit
0x0F83       [0]    RD1_bit
0x0F83       [0]    RD2_bit
0x0F83       [0]    RD3_bit
0x0F83       [0]    PSP0_bit
0x0F83       [0]    PSP2_bit
0x0F83       [0]    RD0_bit
0x0F83       [0]    PSP1_bit
0x0F84       [1]    PORTE
0x0F84       [0]    MCLR_bit
0x0F84       [0]    CS_bit
0x0F84       [0]    VPP_bit
0x0F84       [0]    AN5_bit
0x0F84       [0]    AN6_bit
0x0F84       [0]    WR_bit
0x0F84       [0]    AN7_bit
0x0F84       [0]    RD_bit
0x0F84       [0]    RE2_bit
0x0F84       [0]    NOT_MCLR_bit
0x0F84       [0]    RE3_bit
0x0F84       [0]    NOT_RD_bit
0x0F84       [0]    NOT_WR_bit
0x0F84       [0]    RE1_bit
0x0F84       [0]    RE0_bit
0x0F84       [0]    NOT_CS_bit
0x0F89       [0]    LATA3_bit
0x0F89       [0]    LATA6_bit
0x0F89       [0]    LATA7_bit
0x0F89       [0]    LATA0_bit
0x0F89       [1]    LATA
0x0F89       [0]    LATA2_bit
0x0F89       [0]    LATA1_bit
0x0F89       [0]    LATA5_bit
0x0F89       [0]    LATA4_bit
0x0F8A       [0]    LATB6_bit
0x0F8A       [1]    LATB
0x0F8A       [0]    LATB5_bit
0x0F8A       [0]    LATB4_bit
0x0F8A       [0]    LATB3_bit
0x0F8A       [0]    LATB0_bit
0x0F8A       [0]    LATB7_bit
0x0F8A       [0]    LATB1_bit
0x0F8A       [0]    LATB2_bit
0x0F8B       [1]    LATC
0x0F8B       [0]    LATC7_bit
0x0F8B       [0]    LATC6_bit
0x0F8B       [0]    LATC2_bit
0x0F8B       [0]    LATC1_bit
0x0F8B       [0]    LATC0_bit
0x0F8B       [0]    LATC4_bit
0x0F8B       [0]    LATC5_bit
0x0F8B       [0]    LATC3_bit
0x0F8C       [0]    LATD4_bit
0x0F8C       [0]    LATD6_bit
0x0F8C       [0]    LATD5_bit
0x0F8C       [0]    LATD1_bit
0x0F8C       [0]    LATD0_bit
0x0F8C       [0]    LATD3_bit
0x0F8C       [0]    LATD2_bit
0x0F8C       [1]    LATD
0x0F8C       [0]    LATD7_bit
0x0F8D       [0]    LATE0_bit
0x0F8D       [0]    LATE1_bit
0x0F8D       [0]    LATE2_bit
0x0F8D       [1]    LATE
0x0F92       [0]    TRISA7_bit
0x0F92       [1]    TRISA
0x0F92       [0]    TRISA6_bit
0x0F92       [0]    TRISA2_bit
0x0F92       [0]    TRISA1_bit
0x0F92       [0]    TRISA0_bit
0x0F92       [0]    TRISA5_bit
0x0F92       [0]    TRISA4_bit
0x0F92       [0]    TRISA3_bit
0x0F93       [0]    TRISB6_bit
0x0F93       [0]    TRISB2_bit
0x0F93       [0]    TRISB7_bit
0x0F93       [0]    TRISB4_bit
0x0F93       [0]    TRISB3_bit
0x0F93       [0]    TRISB5_bit
0x0F93       [0]    TRISB1_bit
0x0F93       [1]    TRISB
0x0F93       [0]    TRISB0_bit
0x0F94       [0]    TRISC3_bit
0x0F94       [1]    TRISC
0x0F94       [0]    TRISC1_bit
0x0F94       [0]    TRISC2_bit
0x0F94       [0]    TRISC6_bit
0x0F94       [0]    TRISC4_bit
0x0F94       [0]    TRISC5_bit
0x0F94       [0]    TRISC0_bit
0x0F94       [0]    TRISC7_bit
0x0F95       [0]    TRISD3_bit
0x0F95       [0]    TRISD6_bit
0x0F95       [0]    TRISD7_bit
0x0F95       [0]    TRISD5_bit
0x0F95       [0]    TRISD4_bit
0x0F95       [1]    TRISD
0x0F95       [0]    TRISD0_bit
0x0F95       [0]    TRISD1_bit
0x0F95       [0]    TRISD2_bit
0x0F96       [1]    TRISE
0x0F96       [0]    PSPMODE_TRISE_bit
0x0F96       [0]    IBOV_TRISE_bit
0x0F96       [0]    IBF_TRISE_bit
0x0F96       [0]    IBF_bit
0x0F96       [0]    IBOV_bit
0x0F96       [0]    PSPMODE_bit
0x0F96       [0]    OBF_bit
0x0F96       [0]    OBF_TRISE_bit
0x0F96       [0]    TRISE2_bit
0x0F96       [0]    TRISE1_bit
0x0F96       [0]    TRISE0_bit
0x0F9B       [0]    TUN3_bit
0x0F9B       [0]    PLLEN_bit
0x0F9B       [0]    TUN4_bit
0x0F9B       [0]    TUN0_bit
0x0F9B       [0]    INTSRC_bit
0x0F9B       [0]    TUN1_bit
0x0F9B       [0]    TUN2_bit
0x0F9B       [1]    OSCTUNE
0x0F9D       [1]    PIE1
0x0F9D       [0]    TMR2IE_bit
0x0F9D       [0]    RCIE_bit
0x0F9D       [0]    ADIE_bit
0x0F9D       [0]    CCP1IE_bit
0x0F9D       [0]    PSPIE_bit
0x0F9D       [0]    TMR1IE_bit
0x0F9D       [0]    SSPIE_bit
0x0F9D       [0]    TXIE_bit
0x0F9E       [0]    SSPIF_bit
0x0F9E       [0]    PSPIF_bit
0x0F9E       [0]    TMR1IF_bit
0x0F9E       [0]    CCP1IF_bit
0x0F9E       [0]    ADIF_bit
0x0F9E       [0]    TXIF_bit
0x0F9E       [1]    PIR1
0x0F9E       [0]    TMR2IF_bit
0x0F9E       [0]    RCIF_bit
0x0F9F       [0]    TMR2IP_bit
0x0F9F       [0]    PSPIP_bit
0x0F9F       [0]    TXIP_bit
0x0F9F       [0]    TMR1IP_bit
0x0F9F       [1]    IPR1
0x0F9F       [0]    ADIP_bit
0x0F9F       [0]    CCP1IP_bit
0x0F9F       [0]    RCIP_bit
0x0F9F       [0]    SSPIP_bit
0x0FA0       [0]    CCP2IE_bit
0x0FA0       [0]    LVDIE_bit
0x0FA0       [1]    PIE2
0x0FA0       [0]    OSCFIE_bit
0x0FA0       [0]    BCLIE_bit
0x0FA0       [0]    TMR3IE_bit
0x0FA0       [0]    CMIE_bit
0x0FA0       [0]    HLVDIE_bit
0x0FA0       [0]    EEIE_bit
0x0FA1       [0]    BCLIF_bit
0x0FA1       [0]    CMIF_bit
0x0FA1       [0]    TMR3IF_bit
0x0FA1       [0]    OSCFIF_bit
0x0FA1       [0]    EEIF_bit
0x0FA1       [1]    PIR2
0x0FA1       [0]    HLVDIF_bit
0x0FA1       [0]    CCP2IF_bit
0x0FA1       [0]    LVDIF_bit
0x0FA2       [0]    HLVDIP_bit
0x0FA2       [0]    CCP2IP_bit
0x0FA2       [0]    CMIP_bit
0x0FA2       [0]    LVDIP_bit
0x0FA2       [0]    TMR3IP_bit
0x0FA2       [0]    BCLIP_bit
0x0FA2       [1]    IPR2
0x0FA2       [0]    OSCFIP_bit
0x0FA2       [0]    EEIP_bit
0x0FA6       [1]    EECON1
0x0FA6       [0]    WR_EECON1_bit
0x0FA6       [0]    CFGS_bit
0x0FA6       [0]    FREE_bit
0x0FA6       [0]    RD_EECON1_bit
0x0FA6       [0]    WREN_bit
0x0FA6       [0]    EEPGD_bit
0x0FA6       [0]    WRERR_bit
0x0FA7       [1]    EECON2
0x0FA8       [1]    EEDATA
0x0FA9       [1]    EEADR
0x0FAB       [0]    RX9D_bit
0x0FAB       [0]    ADDEN_bit
0x0FAB       [0]    OERR_bit
0x0FAB       [0]    RX9_bit
0x0FAB       [0]    FERR_bit
0x0FAB       [0]    SREN_bit
0x0FAB       [0]    CREN_bit
0x0FAB       [0]    ADEN_bit
0x0FAB       [0]    SPEN_bit
0x0FAB       [1]    RCSTA
0x0FAC       [0]    TXEN_bit
0x0FAC       [1]    TXSTA
0x0FAC       [0]    TRMT_bit
0x0FAC       [0]    CSRC_bit
0x0FAC       [0]    SYNC_bit
0x0FAC       [0]    BRGH_bit
0x0FAC       [0]    TX9_bit
0x0FAC       [0]    SENDB_bit
0x0FAC       [0]    TX9D_bit
0x0FAD       [1]    TXREG
0x0FAE       [1]    RCREG
0x0FAF       [1]    SPBRG
0x0FB0       [1]    SPBRGH
0x0FB1       [0]    TMR3ON_bit
0x0FB1       [1]    T3CON
0x0FB1       [0]    NOT_T3SYNC_bit
0x0FB1       [0]    TMR3CS_bit
0x0FB1       [0]    T3CKPS0_bit
0x0FB1       [0]    RD16_bit
0x0FB1       [0]    T3CKPS1_bit
0x0FB1       [0]    T3CCP2_bit
0x0FB1       [0]    T3CCP1_bit
0x0FB1       [0]    T3SYNC_bit
0x0FB2       [1]    TMR3L
0x0FB3       [1]    TMR3H
0x0FB4       [0]    CM1_bit
0x0FB4       [0]    CM0_bit
0x0FB4       [0]    C1OUT_bit
0x0FB4       [0]    CIS_bit
0x0FB4       [0]    C2OUT_bit
0x0FB4       [1]    CMCON
0x0FB4       [0]    CM2_bit
0x0FB4       [0]    C1INV_bit
0x0FB4       [0]    C2INV_bit
0x0FB5       [1]    CVRCON
0x0FB5       [0]    CVR3_bit
0x0FB5       [0]    CVREN_bit
0x0FB5       [0]    CVROE_bit
0x0FB5       [0]    CVR0_bit
0x0FB5       [0]    CVR1_bit
0x0FB5       [0]    CVR2_bit
0x0FB5       [0]    CVRSS_bit
0x0FB5       [0]    CVRR_bit
0x0FB6       [0]    ECCPAS2_bit
0x0FB6       [0]    ECCPASE_bit
0x0FB6       [0]    ECCPAS0_bit
0x0FB6       [0]    ECCPAS1_bit
0x0FB6       [0]    PSSAC1_bit
0x0FB6       [0]    PSSAC0_bit
0x0FB6       [0]    PSSBD0_bit
0x0FB6       [1]    ECCP1AS
0x0FB6       [0]    PSSBD1_bit
0x0FB7       [0]    PDC0_bit
0x0FB7       [0]    PDC1_bit
0x0FB7       [0]    PDC2_bit
0x0FB7       [0]    PRSEN_bit
0x0FB7       [0]    PDC6_bit
0x0FB7       [0]    PDC5_bit
0x0FB7       [1]    PWM1CON
0x0FB7       [0]    PDC3_bit
0x0FB7       [0]    PDC4_bit
0x0FB8       [1]    BAUDCTL
0x0FB8       [1]    BAUDCON
0x0FB8       [0]    WUE_bit
0x0FB8       [0]    TXCKP_bit
0x0FB8       [0]    RCIDL_bit
0x0FB8       [0]    ABDOVF_bit
0x0FB8       [0]    RCMT_bit
0x0FB8       [0]    BRG16_bit
0x0FB8       [0]    RXDTP_bit
0x0FB8       [0]    SCKP_bit
0x0FB8       [0]    ABDEN_bit
0x0FBA       [0]    CCP2X_bit
0x0FBA       [0]    DC2B0_bit
0x0FBA       [1]    CCP2CON
0x0FBA       [0]    CCP2M0_bit
0x0FBA       [0]    CCP2M3_bit
0x0FBA       [0]    CCP2M1_bit
0x0FBA       [0]    CCP2M2_bit
0x0FBA       [0]    DC2B1_bit
0x0FBA       [0]    CCP2Y_bit
0x0FBB       [2]    CCPR2
0x0FBB       [1]    CCPR2L
0x0FBC       [1]    CCPR2H
0x0FBD       [0]    P1M0_bit
0x0FBD       [0]    CCP1X_bit
0x0FBD       [0]    CCP1Y_bit
0x0FBD       [1]    CCP1CON
0x0FBD       [0]    P1M1_bit
0x0FBD       [0]    CCP1M2_bit
0x0FBD       [0]    CCP1M3_bit
0x0FBD       [0]    DC1B1_bit
0x0FBD       [0]    CCP1M1_bit
0x0FBD       [0]    DC1B0_bit
0x0FBD       [0]    CCP1M0_bit
0x0FBE       [2]    CCPR1
0x0FBE       [1]    CCPR1L
0x0FBF       [1]    CCPR1H
0x0FC0       [0]    ADCS1_bit
0x0FC0       [0]    ADCS2_bit
0x0FC0       [0]    ACQT0_bit
0x0FC0       [0]    ADFM_bit
0x0FC0       [0]    ACQT2_bit
0x0FC0       [0]    ACQT1_bit
0x0FC0       [0]    ADCS0_bit
0x0FC0       [1]    ADCON2
0x0FC1       [0]    VCFG0_bit
0x0FC1       [0]    PCFG0_bit
0x0FC1       [0]    VCFG1_bit
0x0FC1       [0]    PCFG2_bit
0x0FC1       [0]    PCFG1_bit
0x0FC1       [1]    ADCON1
0x0FC1       [0]    PCFG3_bit
0x0FC2       [0]    GO_DONE_bit
0x0FC2       [0]    CHS1_bit
0x0FC2       [0]    CHS2_bit
0x0FC2       [0]    NOT_DONE_bit
0x0FC2       [0]    CHS0_bit
0x0FC2       [1]    ADCON0
0x0FC2       [0]    GO_bit
0x0FC2       [0]    ADON_bit
0x0FC2       [0]    CHS3_bit
0x0FC2       [0]    DONE_bit
0x0FC3       [1]    ADRESL
0x0FC3       [2]    ADRES
0x0FC4       [1]    ADRESH
0x0FC5       [0]    RCEN_bit
0x0FC5       [0]    GCEN_bit
0x0FC5       [0]    PEN_bit
0x0FC5       [1]    SSPCON2
0x0FC5       [0]    ACKSTAT_bit
0x0FC5       [0]    ACKDT_bit
0x0FC5       [0]    ACKEN_bit
0x0FC5       [0]    SEN_bit
0x0FC5       [0]    RSEN_bit
0x0FC6       [0]    WCOL_bit
0x0FC6       [0]    SSPM1_bit
0x0FC6       [0]    SSPM2_bit
0x0FC6       [0]    SSPM0_bit
0x0FC6       [0]    SSPOV_bit
0x0FC6       [0]    SSPM3_bit
0x0FC6       [1]    SSPCON1
0x0FC6       [0]    SSPEN_bit
0x0FC6       [0]    CKP_bit
0x0FC7       [0]    R_W_bit
0x0FC7       [1]    SSPSTAT
0x0FC7       [0]    NOT_A_bit
0x0FC7       [0]    S_bit
0x0FC7       [0]    R_bit
0x0FC7       [0]    P_bit
0x0FC7       [0]    D_A_bit
0x0FC7       [0]    NOT_WRITE_bit
0x0FC7       [0]    D_bit
0x0FC7       [0]    CKE_bit
0x0FC7       [0]    SMP_bit
0x0FC7       [0]    NOT_W_bit
0x0FC7       [0]    BF_bit
0x0FC7       [0]    UA_bit
0x0FC7       [0]    NOT_ADDRESS_bit
0x0FC8       [1]    SSPADD
0x0FC9       [1]    SSPBUF
0x0FCA       [0]    T2CKPS1_bit
0x0FCA       [0]    T2OUTPS0_bit
0x0FCA       [1]    T2CON
0x0FCA       [0]    T2CKPS0_bit
0x0FCA       [0]    T2OUTPS3_bit
0x0FCA       [0]    TMR2ON_bit
0x0FCA       [0]    T2OUTPS1_bit
0x0FCA       [0]    T2OUTPS2_bit
0x0FCB       [1]    PR2
0x0FCC       [1]    TMR2
0x0FCD       [0]    T1CKPS0_bit
0x0FCD       [0]    T1CKPS1_bit
0x0FCD       [0]    TMR1CS_bit
0x0FCD       [0]    TMR1ON_bit
0x0FCD       [0]    NOT_T1SYNC_bit
0x0FCD       [1]    T1CON
0x0FCD       [0]    T1SYNC_bit
0x0FCD       [0]    T1RUN_bit
0x0FCD       [0]    T1OSCEN_bit
0x0FCD       [0]    RD16_T1CON_bit
0x0FCE       [1]    TMR1L
0x0FCF       [1]    TMR1H
0x0FD0       [0]    BOR_bit
0x0FD0       [1]    RCON
0x0FD0       [0]    NOT_PD_bit
0x0FD0       [0]    NOT_POR_bit
0x0FD0       [0]    NOT_BOR_bit
0x0FD0       [0]    SBOREN_bit
0x0FD0       [0]    IPEN_bit
0x0FD0       [0]    RI_bit
0x0FD0       [0]    POR_bit
0x0FD0       [0]    PD_bit
0x0FD0       [0]    TO__bit
0x0FD0       [0]    NOT_RI_bit
0x0FD0       [0]    NOT_TO_bit
0x0FD1       [0]    SWDTEN_bit
0x0FD1       [1]    WDTCON
0x0FD1       [0]    SWDTE_bit
0x0FD2       [0]    LVDEN_bit
0x0FD2       [1]    LVDCON
0x0FD2       [0]    HLVDL2_bit
0x0FD2       [0]    HLVDL3_bit
0x0FD2       [0]    IRVST_bit
0x0FD2       [1]    HLVDCON
0x0FD2       [0]    IVRST_bit
0x0FD2       [0]    BGST_bit
0x0FD2       [0]    LVV2_bit
0x0FD2       [0]    LVV3_bit
0x0FD2       [0]    VDIRMAG_bit
0x0FD2       [0]    LVV0_bit
0x0FD2       [0]    LVV1_bit
0x0FD2       [0]    LVDL3_bit
0x0FD2       [0]    HLVDL0_bit
0x0FD2       [0]    LVDL0_bit
0x0FD2       [0]    HLVDL1_bit
0x0FD2       [0]    LVDL1_bit
0x0FD2       [0]    LVDL2_bit
0x0FD2       [0]    HLVDEN_bit
0x0FD3       [1]    OSCCON
0x0FD3       [0]    OSTS_bit
0x0FD3       [0]    SCS1_bit
0x0FD3       [0]    IRCF1_bit
0x0FD3       [0]    IRCF2_bit
0x0FD3       [0]    IRCF0_bit
0x0FD3       [0]    SCS0_bit
0x0FD3       [0]    IOFS_bit
0x0FD3       [0]    FLTS_bit
0x0FD3       [0]    IDLEN_bit
0x0FD5       [0]    T0SE_bit
0x0FD5       [0]    T0PS2_bit
0x0FD5       [0]    PSA_bit
0x0FD5       [0]    TMR0ON_bit
0x0FD5       [0]    T08BIT_bit
0x0FD5       [1]    T0CON
0x0FD5       [0]    T0CS_bit
0x0FD5       [0]    T0PS1_bit
0x0FD5       [0]    T0PS0_bit
0x0FD6       [1]    TMR0L
0x0FD7       [1]    TMR0H
0x0FD8       [0]    C_bit
0x0FD8       [0]    N_bit
0x0FD8       [0]    OV_bit
0x0FD8       [1]    STATUS
0x0FD8       [0]    Z_bit
0x0FD8       [0]    DC_bit
0x0FD9       [2]    FSR2
0x0FD9       [2]    FSR2PTR
0x0FD9       [1]    FSR2L
0x0FDA       [1]    FSR2H
0x0FDB       [1]    PLUSW2
0x0FDC       [1]    PREINC2
0x0FDD       [1]    POSTDEC2
0x0FDE       [1]    POSTINC2
0x0FDF       [1]    INDF2
0x0FE0       [1]    BSR
0x0FE1       [2]    FSR1
0x0FE1       [1]    FSR1L
0x0FE1       [2]    FSR1PTR
0x0FE2       [1]    FSR1H
0x0FE3       [1]    PLUSW1
0x0FE4       [1]    PREINC1
0x0FE5       [1]    POSTDEC1
0x0FE6       [1]    POSTINC1
0x0FE7       [1]    INDF1
0x0FE8       [1]    WREG
0x0FE9       [2]    FSR0PTR
0x0FE9       [1]    FSR0L
0x0FE9       [2]    FSR0
0x0FEA       [1]    FSR0H
0x0FEB       [1]    PLUSW0
0x0FEC       [1]    PREINC0
0x0FED       [1]    POSTDEC0
0x0FEE       [1]    POSTINC0
0x0FEF       [1]    INDF0
0x0FF0       [0]    INT2F_bit
0x0FF0       [0]    INT2IE_bit
0x0FF0       [0]    INT2IF_bit
0x0FF0       [1]    INTCON3
0x0FF0       [0]    INT2P_bit
0x0FF0       [0]    INT2IP_bit
0x0FF0       [0]    INT2E_bit
0x0FF0       [0]    INT1IE_bit
0x0FF0       [0]    INT1F_bit
0x0FF0       [0]    INT1E_bit
0x0FF0       [0]    INT1P_bit
0x0FF0       [0]    INT1IP_bit
0x0FF0       [0]    INT1IF_bit
0x0FF1       [0]    NOT_RBPU_bit
0x0FF1       [0]    RBPU_bit
0x0FF1       [0]    RBIP_bit
0x0FF1       [0]    INTEDG2_bit
0x0FF1       [1]    INTCON2
0x0FF1       [0]    INTEDG0_bit
0x0FF1       [0]    INTEDG1_bit
0x0FF1       [0]    TMR0IP_bit
0x0FF2       [0]    INT0IF_bit
0x0FF2       [0]    GIEH_bit
0x0FF2       [0]    INT0E_bit
0x0FF2       [0]    GIE_bit
0x0FF2       [0]    T0IE_bit
0x0FF2       [0]    T0IF_bit
0x0FF2       [1]    INTCON
0x0FF2       [0]    GIEL_bit
0x0FF2       [0]    TMR0IE_bit
0x0FF2       [0]    RBIF_bit
0x0FF2       [0]    RBIE_bit
0x0FF2       [0]    TMR0IF_bit
0x0FF2       [0]    INT0IE_bit
0x0FF2       [0]    INT0F_bit
0x0FF2       [0]    PEIE_bit
0x0FF3       [2]    PROD
0x0FF3       [1]    PRODL
0x0FF4       [1]    PRODH
0x0FF5       [1]    TABLAT
0x0FF6       [3]    TBLPTR
0x0FF6       [1]    TBLPTRL
0x0FF7       [1]    TBLPTRH
0x0FF8       [0]    ACSS_bit
0x0FF8       [0]    TBLPTRU3_bit
0x0FF8       [0]    TBLPTRU2_bit
0x0FF8       [1]    TBLPTRU
0x0FF8       [0]    TBLPTRU4_bit
0x0FF8       [0]    TBLPTRU0_bit
0x0FF8       [0]    TBLPTRU1_bit
0x0FF9       [1]    PCL
0x0FF9       [1]    PC
0x0FFA       [1]    PCLATH
0x0FFB       [0]    PCU4_bit
0x0FFB       [1]    PCLATU
0x0FFB       [0]    PCU1_bit
0x0FFB       [0]    PCU0_bit
0x0FFB       [0]    PCU3_bit
0x0FFB       [0]    PCU2_bit
0x0FFC       [1]    STKPTR
0x0FFC       [0]    SP2_bit
0x0FFC       [0]    SP0_bit
0x0FFC       [0]    SP1_bit
0x0FFC       [0]    SP3_bit
0x0FFC       [0]    STKOVF_bit
0x0FFC       [0]    STKUNF_bit
0x0FFC       [0]    STKFUL_bit
0x0FFC       [0]    SP4_bit
0x0FFD       [1]    TOSL
0x0FFE       [1]    TOSH
0x0FFF       [1]    TOSU
//** Label List: ** 
//----------------------------------------------
  L_main0
  L_main1
  L_main2
  L_main3
  L_main4
  L_main5
  L_main6
  L_main7
  L_main8
  L_main9
  L_main10
  L_stop_car_f11
  L_stop_car_b12
  L_wheel_l13
  L_wheel_r14
  L_wheel_c15
  L_parking_mode16
  L_parking_mode17
  L_parking_mode18
  L_parking_mode19
  L_parking_mode20
  L_parking_mode21
  L__main22
  _main
  L__main23
  L__main24
  L__main25
  L__main26
  L__main27
  _move_car_f
  _move_car_b
  _stop_car_f
  _stop_car_b
  _wheel_l
  _wheel_r
  _wheel_c
  _parking_mode
  L_ADC_Get_Sample0
  L_ADC_Get_Sample1
  L_ADC_Read2
  L_ADC_Read3
  _ADC_Init
  _ADC_Get_Sample
  _ADC_Read
  L_Delay_10us0
  L_Delay_22us1
  L_Delay_50us2
  L_Delay_80us3
  L_Delay_500us4
  L_Delay_5500us5
  L_Delay_1ms6
  L_Delay_5ms7
  L_Delay_8ms8
  L_Delay_100ms9
  L_Delay_10ms10
  L_Delay_1sec11
  L____Boot_Delay4k12
  L____Boot_Delay8k13
  L____Boot_Delay12k14
  L____Boot_Delay16k15
  L____Boot_Delay24k16
  L____Boot_Delay32k17
  L____Boot_Delay48k18
  L____Boot_Delay64k19
  L____Boot_Delay128k20
  L_Delay_Cyc21
  L_Delay_Cyc22
  L_VDelay_ms23
  L_VDelay_ms24
  L_VDelay_ms25
  L_VDelay_Advanced_ms26
  L_VDelay_Advanced_ms27
  L_VDelay_Advanced_ms28
  _Get_Fosc_kHz
  _Delay_1us
  _Delay_10us
  _Delay_22us
  _Delay_50us
  _Delay_80us
  _Delay_500us
  _Delay_5500us
  _Delay_1ms
  _Delay_5ms
  _Delay_8ms
  _Delay_100ms
  _Delay_10ms
  _Delay_1sec
  ____Boot_Delay4k
  ____Boot_Delay8k
  ____Boot_Delay12k
  ____Boot_Delay16k
  ____Boot_Delay24k
  ____Boot_Delay32k
  ____Boot_Delay48k
  ____Boot_Delay64k
  ____Boot_Delay128k
  _Delay_Cyc
  _VDelay_ms
  L__VDelay_ms29
  L__VDelay_ms30
  L__VDelay_ms31
  _VDelay_Advanced_ms
  L__VDelay_Advanced_ms32
  L__VDelay_Advanced_ms33
  L__VDelay_Advanced_ms34
  L_Div_16x16_S0
  L_Div_16x16_S1
  LOOPS3232A
  SADD22LA
  SOK22LA
  SADD22L8
  SOK22L8
  LOOPS3232B
  SADD22LB
  SOK22LB
  SADD22L16
  SOK22L16
  LOOPS3232C
  SADD22LC
  SOK22LC
  SADD22L24
  SOK22L24
  LOOPS3232D
  SADD22LD
  SOK22LD
  SOK22L
  L_Div_32x32_S6
  L_Div_32x32_S7
  L_Div_32x32_S8
  L_Div_32x32_S9
  FXD3232S
  END_ALL
  CA3232S
  C3232SX
  C3232SX1
  C3232S
  C3232S2
  C3232SX4
  C3232SOK
  C3232SX3
  C3232SX2
  avoid_comfrem
  LOOPU3232A
  UADD22LA
  UOK22LA
  UADD22L8
  UOK22L8
  LOOPU3232B
  UADD22LB
  UOK22LB
  UADD22L16
  UOK22L16
  LOOPU3232C
  UADD22LC
  UOK22LC
  UADD22L24
  UOK22L24
  LOOPU3232D
  UADD22LD
  UOK22LD
  UOK22L
  _NEXT
  _EXIT2
  _LOOP
  _EXIT1
  _IF_FIRST
  _IF_SECOND
  _INVERCE_FIRST
  _MULT
  _INBERSE_SECOND
  _EXIT
  _Div_8x8_U
  _Div_16x16_U
  _Div_16x16_S_L
  _Div_16x16_S
  _Div_8x8_S
  _Mul_8x8_S
  _Mul_16x16_U
  _Mul_16x16_S
  _SDIV3232L
  _COMFREM
  _Div_32x32_S
  _Div_32x32_U
  _Mul_32x32_U
  _Mul_32x32_S
  SETFOV32EEE
  SETFUN32EEE
  NRMRND4032
  NRM40JPSETFOV32
  NRM4032
  NRM4032A
  TNIB4032
  NORM4032
  TNORMUN4032
  NRM40JPSETFUN32
  NRM40JPFIXSIGN32
  NRM4032B
  TNIB4032A
  NORM4032A
  NRM4032C
  TNIB4032B
  NORM4032B
  NRM40JPRES032
  TNIB4032C
  NORM4032C
  NRM40EEE
  NORM3232
  JPNRES032
  JPNSETFUN32
  NORM3232A
  JMPNFIXSIGN32
  NORM32EEE
  SETIOV3224EEE
  FPA32
  USEA32
  USEB32
  BRETURN32
  BLIGNED32
  BNIB32
  BNIB32A
  BNIB32B
  BNIB32C
  ADDEOK
  BLOOP32C
  BLOOP32B
  BLOOP32A
  BLOOP32
  AOK32
  BNE032
  ALIGNED32
  ANIB32
  ANIB32A
  ANIB32B
  ANIB32C
  ALOOP32C
  ALOOP32B
  ALOOP32A
  ALOOP32
  ACOMP32
  ADDJPNRMRND4032
  ADDJPSETFOV32
  ADDJPNRM4032
  ADDEEE
  FPS32
  FPM32
  MULJPRES032
  M32BNE0
  MTUN32
  MULJPSETFOV32
  MOK32
  MULJPSETFUN32
  MROUND32
  MUL32OK
  MULEEE
  L_Div_32x32_FP11
  L_Div_32x32_FP12
  L_Div_32x32_FP13
  L_Div_32x32_FP14
  FPD32
  JPDSETFDZ32
  JPDRES032
  D32BNE0
  TALIGN32
  TS1ALIGN32
  TS2ALIGN32
  DALIGN32OK
  ALTB32
  AGEB32
  JPDSETFOV32
  DARGOK32
  JPDSETFUN32
  DLOOP32
  DS132
  DS232
  DREST32
  DOK32
  DAREST32
  DROUND32
  DIV32OK
  DIV32EEE
  INT3232U
  INT3232UEOK
  SETEXP32U
  SETIOV32U
  TSHIFT3232U
  SHIFT3232UOK
  SHIFT3232U
  INT3232UOK
  JPLSETIOV3224
  IRES032U
  INT3232UEER
  INT3232UEEE
  INT3232
  INT3232EOK
  SETIOV32
  TSHIFT3232
  SHIFT3232OK
  SHIFT3232
  INT3232OK
  JPISETIOV3224
  IRES032
  INT3232EER
  INT3232EEE
  INT3216
  IRES016
  SETIOV16
  TSHIFT3216
  SHIFT3216OK
  SHIFT3216
  INT3216OK
  JPJSETIOV3224
  INT3216EOK
  INT3216EER
  INT3216EEE
  INT3216U
  IRES016U
  SETEXP16U
  SETIOV16U
  TSHIFT3216U
  SHIFT3216UOK
  SHIFT3216U
  INT3216UOK
  JPKSETIOV3224
  INT3216UEOK
  INT3216UEER
  INT3216UEEE
  INT32U08
  IRES008
  SETEXP08
  SETIOV08
  TSHIFT3208
  SHIFT3208OK
  SHIFT3208
  INT3208OK
  D2B_JPKSETIOV3224
  INT3208EOK
  INT3208EER
  INT3208EEE
  FLO08U32
  FLO1632
  FLO1632EEE
  FLO16U32
  FLO3232
  FLO3232EEE
  FLO32U32
  EQU_FALSE
  COMPARE_EQU
  COMPARE_NOTZERO
  COMPARE_XNOTZERO
  COMPARE_YNOTZERO
  COMPARE_LT
  COMPARE_GT
  COMPARE_TESTALL
  COMPARE_C1
  GT_FALSE
  GT_TRUE
  COMPARE_C2
  COMPARE_C3
  _SETFOV32
  _SETFDZ32
  _FIXSIGN32
  _RES032
  _SETFUN32
  _NRM4032
  _NRM3232
  _SETIOV3224
  _Add_32x32_FP
  _Sub_32x32_FP
  _Mul_32x32_FP
  _Div_32x32_FP
  _Double2Longword
  _Double2Longint
  _Double2Int
  _Double2Word
  _Double2Byte
  _Byte2Double
  _Int2Double
  _Word2Double
  _Longint2Double
  _Longword2Double
  _Equals_Double
  _Compare_Double
  _PWM2_Init
  _PWM2_Set_Duty
  L__PWM2_Set_Duty0
  L__PWM2_Set_Duty1
  L__PWM2_Set_Duty2
  L__PWM2_Set_Duty3
  _PWM2_Start
  _PWM2_Stop
  _PWM1_Init
  _PWM1_Set_Duty
  L__PWM1_Set_Duty4
  L__PWM1_Set_Duty5
  L__PWM1_Set_Duty6
  L__PWM1_Set_Duty7
  _PWM1_Start
  _PWM1_Stop
  _CC2D_Loop1
  _CC2DL_Loop1
  L_longjmp2
  ___CC2D
  ___CC2DW
  _____DoIFC
  _Swap
  _setjmp
  _longjmp
